Reading queries...
Building lookup table...
Reading subject file...
Searching 1 Queries vs 1 Subjects...
[DEBUG] Effective search space for context (q_frame=2, s_frame=1): effective_query_len=220581.0, effective_db_len=201943.0, effective_space=44544788883.0, length_adj=121
[DEBUG] Cutoff score for context (q_frame=2, s_frame=1): cutoff_e=0.000000000000000000000000000000000000000000000000000000000000000000000000000000000000000000000000000000000000000000000000000000000000000000000000000000000000000000000000000000000000000000000000000000000000000000000000000000000000000000000000000000000000000000000000000000000000000000000000000000000001, cutoff_from_evalue=2667, gap_trigger=46, final_cutoff_score=46
[DEBUG] Effective search space for context (q_frame=3, s_frame=1): effective_query_len=220581.0, effective_db_len=201943.0, effective_space=44544788883.0, length_adj=121
[DEBUG] Cutoff score for context (q_frame=3, s_frame=1): cutoff_e=0.000000000000000000000000000000000000000000000000000000000000000000000000000000000000000000000000000000000000000000000000000000000000000000000000000000000000000000000000000000000000000000000000000000000000000000000000000000000000000000000000000000000000000000000000000000000000000000000000000000000001, cutoff_from_evalue=2667, gap_trigger=46, final_cutoff_score=46
[DEBUG] Effective search space for context (q_frame=-2, s_frame=1): effective_query_len=220581.0, effective_db_len=201943.0, effective_space=44544788883.0, length_adj=121
[DEBUG] Cutoff score for context (q_frame=-2, s_frame=1): cutoff_e=0.000000000000000000000000000000000000000000000000000000000000000000000000000000000000000000000000000000000000000000000000000000000000000000000000000000000000000000000000000000000000000000000000000000000000000000000000000000000000000000000000000000000000000000000000000000000000000000000000000000000001, cutoff_from_evalue=2667, gap_trigger=46, final_cutoff_score=46
[DEBUG] Effective search space for context (q_frame=-3, s_frame=1): effective_query_len=220581.0, effective_db_len=201943.0, effective_space=44544788883.0, length_adj=121
[DEBUG] Cutoff score for context (q_frame=-3, s_frame=1): cutoff_e=0.000000000000000000000000000000000000000000000000000000000000000000000000000000000000000000000000000000000000000000000000000000000000000000000000000000000000000000000000000000000000000000000000000000000000000000000000000000000000000000000000000000000000000000000000000000000000000000000000000000000001, cutoff_from_evalue=2667, gap_trigger=46, final_cutoff_score=46
[DEBUG] Effective search space for context (q_frame=1, s_frame=1): effective_query_len=220581.0, effective_db_len=201943.0, effective_space=44544788883.0, length_adj=121
[DEBUG] Cutoff score for context (q_frame=1, s_frame=1): cutoff_e=0.000000000000000000000000000000000000000000000000000000000000000000000000000000000000000000000000000000000000000000000000000000000000000000000000000000000000000000000000000000000000000000000000000000000000000000000000000000000000000000000000000000000000000000000000000000000000000000000000000000000001, cutoff_from_evalue=2667, gap_trigger=46, final_cutoff_score=46
[DEBUG] Effective search space for context (q_frame=-1, s_frame=1): effective_query_len=220581.0, effective_db_len=201943.0, effective_space=44544788883.0, length_adj=121
[DEBUG] Cutoff score for context (q_frame=-1, s_frame=1): cutoff_e=0.000000000000000000000000000000000000000000000000000000000000000000000000000000000000000000000000000000000000000000000000000000000000000000000000000000000000000000000000000000000000000000000000000000000000000000000000000000000000000000000000000000000000000000000000000000000000000000000000000000000001, cutoff_from_evalue=2667, gap_trigger=46, final_cutoff_score=46
[DEBUG] Effective search space for context (q_frame=1, s_frame=2): effective_query_len=220581.0, effective_db_len=201943.0, effective_space=44544788883.0, length_adj=121
[DEBUG] Cutoff score for context (q_frame=1, s_frame=2): cutoff_e=0.000000000000000000000000000000000000000000000000000000000000000000000000000000000000000000000000000000000000000000000000000000000000000000000000000000000000000000000000000000000000000000000000000000000000000000000000000000000000000000000000000000000000000000000000000000000000000000000000000000000001, cutoff_from_evalue=2667, gap_trigger=46, final_cutoff_score=46
[DEBUG] Effective search space for context (q_frame=2, s_frame=2): effective_query_len=220581.0, effective_db_len=201943.0, effective_space=44544788883.0, length_adj=121
[DEBUG] Cutoff score for context (q_frame=2, s_frame=2): cutoff_e=0.000000000000000000000000000000000000000000000000000000000000000000000000000000000000000000000000000000000000000000000000000000000000000000000000000000000000000000000000000000000000000000000000000000000000000000000000000000000000000000000000000000000000000000000000000000000000000000000000000000000001, cutoff_from_evalue=2667, gap_trigger=46, final_cutoff_score=46
[DEBUG] Effective search space for context (q_frame=3, s_frame=2): effective_query_len=220581.0, effective_db_len=201943.0, effective_space=44544788883.0, length_adj=121
[DEBUG] Cutoff score for context (q_frame=3, s_frame=2): cutoff_e=0.000000000000000000000000000000000000000000000000000000000000000000000000000000000000000000000000000000000000000000000000000000000000000000000000000000000000000000000000000000000000000000000000000000000000000000000000000000000000000000000000000000000000000000000000000000000000000000000000000000000001, cutoff_from_evalue=2667, gap_trigger=46, final_cutoff_score=46
[DEBUG] Effective search space for context (q_frame=-1, s_frame=2): effective_query_len=220581.0, effective_db_len=201943.0, effective_space=44544788883.0, length_adj=121
[DEBUG] Cutoff score for context (q_frame=-1, s_frame=2): cutoff_e=0.000000000000000000000000000000000000000000000000000000000000000000000000000000000000000000000000000000000000000000000000000000000000000000000000000000000000000000000000000000000000000000000000000000000000000000000000000000000000000000000000000000000000000000000000000000000000000000000000000000000001, cutoff_from_evalue=2667, gap_trigger=46, final_cutoff_score=46
[DEBUG] Effective search space for context (q_frame=-2, s_frame=2): effective_query_len=220581.0, effective_db_len=201943.0, effective_space=44544788883.0, length_adj=121
[DEBUG] Cutoff score for context (q_frame=-2, s_frame=2): cutoff_e=0.000000000000000000000000000000000000000000000000000000000000000000000000000000000000000000000000000000000000000000000000000000000000000000000000000000000000000000000000000000000000000000000000000000000000000000000000000000000000000000000000000000000000000000000000000000000000000000000000000000000001, cutoff_from_evalue=2667, gap_trigger=46, final_cutoff_score=46
[DEBUG] Effective search space for context (q_frame=-3, s_frame=2): effective_query_len=220581.0, effective_db_len=201943.0, effective_space=44544788883.0, length_adj=121
[DEBUG] Cutoff score for context (q_frame=-3, s_frame=2): cutoff_e=0.000000000000000000000000000000000000000000000000000000000000000000000000000000000000000000000000000000000000000000000000000000000000000000000000000000000000000000000000000000000000000000000000000000000000000000000000000000000000000000000000000000000000000000000000000000000000000000000000000000000001, cutoff_from_evalue=2667, gap_trigger=46, final_cutoff_score=46
[DEBUG] Effective search space for context (q_frame=1, s_frame=3): effective_query_len=220581.0, effective_db_len=201943.0, effective_space=44544788883.0, length_adj=121
[DEBUG] Cutoff score for context (q_frame=1, s_frame=3): cutoff_e=0.000000000000000000000000000000000000000000000000000000000000000000000000000000000000000000000000000000000000000000000000000000000000000000000000000000000000000000000000000000000000000000000000000000000000000000000000000000000000000000000000000000000000000000000000000000000000000000000000000000000001, cutoff_from_evalue=2667, gap_trigger=46, final_cutoff_score=46
[DEBUG] Effective search space for context (q_frame=2, s_frame=3): effective_query_len=220581.0, effective_db_len=201943.0, effective_space=44544788883.0, length_adj=121
[DEBUG] Cutoff score for context (q_frame=2, s_frame=3): cutoff_e=0.000000000000000000000000000000000000000000000000000000000000000000000000000000000000000000000000000000000000000000000000000000000000000000000000000000000000000000000000000000000000000000000000000000000000000000000000000000000000000000000000000000000000000000000000000000000000000000000000000000000001, cutoff_from_evalue=2667, gap_trigger=46, final_cutoff_score=46
[DEBUG] Effective search space for context (q_frame=3, s_frame=3): effective_query_len=220581.0, effective_db_len=201943.0, effective_space=44544788883.0, length_adj=121
[DEBUG] Cutoff score for context (q_frame=3, s_frame=3): cutoff_e=0.000000000000000000000000000000000000000000000000000000000000000000000000000000000000000000000000000000000000000000000000000000000000000000000000000000000000000000000000000000000000000000000000000000000000000000000000000000000000000000000000000000000000000000000000000000000000000000000000000000000001, cutoff_from_evalue=2667, gap_trigger=46, final_cutoff_score=46
[DEBUG] Effective search space for context (q_frame=-1, s_frame=3): effective_query_len=220581.0, effective_db_len=201943.0, effective_space=44544788883.0, length_adj=121
[DEBUG] Cutoff score for context (q_frame=-1, s_frame=3): cutoff_e=0.000000000000000000000000000000000000000000000000000000000000000000000000000000000000000000000000000000000000000000000000000000000000000000000000000000000000000000000000000000000000000000000000000000000000000000000000000000000000000000000000000000000000000000000000000000000000000000000000000000000001, cutoff_from_evalue=2667, gap_trigger=46, final_cutoff_score=46
[DEBUG] Effective search space for context (q_frame=-2, s_frame=3): effective_query_len=220581.0, effective_db_len=201943.0, effective_space=44544788883.0, length_adj=121
[DEBUG] Cutoff score for context (q_frame=-2, s_frame=3): cutoff_e=0.000000000000000000000000000000000000000000000000000000000000000000000000000000000000000000000000000000000000000000000000000000000000000000000000000000000000000000000000000000000000000000000000000000000000000000000000000000000000000000000000000000000000000000000000000000000000000000000000000000000001, cutoff_from_evalue=2667, gap_trigger=46, final_cutoff_score=46
[DEBUG] Effective search space for context (q_frame=-3, s_frame=3): effective_query_len=220581.0, effective_db_len=201943.0, effective_space=44544788883.0, length_adj=121
[DEBUG] Cutoff score for context (q_frame=-3, s_frame=3): cutoff_e=0.000000000000000000000000000000000000000000000000000000000000000000000000000000000000000000000000000000000000000000000000000000000000000000000000000000000000000000000000000000000000000000000000000000000000000000000000000000000000000000000000000000000000000000000000000000000000000000000000000000000001, cutoff_from_evalue=2667, gap_trigger=46, final_cutoff_score=46
[DEBUG] Effective search space for context (q_frame=1, s_frame=-1): effective_query_len=220581.0, effective_db_len=201943.0, effective_space=44544788883.0, length_adj=121
[DEBUG] Cutoff score for context (q_frame=1, s_frame=-1): cutoff_e=0.000000000000000000000000000000000000000000000000000000000000000000000000000000000000000000000000000000000000000000000000000000000000000000000000000000000000000000000000000000000000000000000000000000000000000000000000000000000000000000000000000000000000000000000000000000000000000000000000000000000001, cutoff_from_evalue=2667, gap_trigger=46, final_cutoff_score=46
[DEBUG] Effective search space for context (q_frame=2, s_frame=-1): effective_query_len=220581.0, effective_db_len=201943.0, effective_space=44544788883.0, length_adj=121
[DEBUG] Cutoff score for context (q_frame=2, s_frame=-1): cutoff_e=0.000000000000000000000000000000000000000000000000000000000000000000000000000000000000000000000000000000000000000000000000000000000000000000000000000000000000000000000000000000000000000000000000000000000000000000000000000000000000000000000000000000000000000000000000000000000000000000000000000000000001, cutoff_from_evalue=2667, gap_trigger=46, final_cutoff_score=46
[DEBUG] Effective search space for context (q_frame=3, s_frame=-1): effective_query_len=220581.0, effective_db_len=201943.0, effective_space=44544788883.0, length_adj=121
[DEBUG] Cutoff score for context (q_frame=3, s_frame=-1): cutoff_e=0.000000000000000000000000000000000000000000000000000000000000000000000000000000000000000000000000000000000000000000000000000000000000000000000000000000000000000000000000000000000000000000000000000000000000000000000000000000000000000000000000000000000000000000000000000000000000000000000000000000000001, cutoff_from_evalue=2667, gap_trigger=46, final_cutoff_score=46
[DEBUG] Effective search space for context (q_frame=-1, s_frame=-1): effective_query_len=220581.0, effective_db_len=201943.0, effective_space=44544788883.0, length_adj=121
[DEBUG] Cutoff score for context (q_frame=-1, s_frame=-1): cutoff_e=0.000000000000000000000000000000000000000000000000000000000000000000000000000000000000000000000000000000000000000000000000000000000000000000000000000000000000000000000000000000000000000000000000000000000000000000000000000000000000000000000000000000000000000000000000000000000000000000000000000000000001, cutoff_from_evalue=2667, gap_trigger=46, final_cutoff_score=46
[DEBUG] Effective search space for context (q_frame=-2, s_frame=-1): effective_query_len=220581.0, effective_db_len=201943.0, effective_space=44544788883.0, length_adj=121
[DEBUG] Cutoff score for context (q_frame=-2, s_frame=-1): cutoff_e=0.000000000000000000000000000000000000000000000000000000000000000000000000000000000000000000000000000000000000000000000000000000000000000000000000000000000000000000000000000000000000000000000000000000000000000000000000000000000000000000000000000000000000000000000000000000000000000000000000000000000001, cutoff_from_evalue=2667, gap_trigger=46, final_cutoff_score=46
[DEBUG] Effective search space for context (q_frame=-3, s_frame=-1): effective_query_len=220581.0, effective_db_len=201943.0, effective_space=44544788883.0, length_adj=121
[DEBUG] Cutoff score for context (q_frame=-3, s_frame=-1): cutoff_e=0.000000000000000000000000000000000000000000000000000000000000000000000000000000000000000000000000000000000000000000000000000000000000000000000000000000000000000000000000000000000000000000000000000000000000000000000000000000000000000000000000000000000000000000000000000000000000000000000000000000000001, cutoff_from_evalue=2667, gap_trigger=46, final_cutoff_score=46
[DEBUG] Effective search space for context (q_frame=1, s_frame=-2): effective_query_len=220581.0, effective_db_len=201943.0, effective_space=44544788883.0, length_adj=121
[DEBUG] Cutoff score for context (q_frame=1, s_frame=-2): cutoff_e=0.000000000000000000000000000000000000000000000000000000000000000000000000000000000000000000000000000000000000000000000000000000000000000000000000000000000000000000000000000000000000000000000000000000000000000000000000000000000000000000000000000000000000000000000000000000000000000000000000000000000001, cutoff_from_evalue=2667, gap_trigger=46, final_cutoff_score=46
[DEBUG] Effective search space for context (q_frame=2, s_frame=-2): effective_query_len=220581.0, effective_db_len=201943.0, effective_space=44544788883.0, length_adj=121
[DEBUG] Cutoff score for context (q_frame=2, s_frame=-2): cutoff_e=0.000000000000000000000000000000000000000000000000000000000000000000000000000000000000000000000000000000000000000000000000000000000000000000000000000000000000000000000000000000000000000000000000000000000000000000000000000000000000000000000000000000000000000000000000000000000000000000000000000000000001, cutoff_from_evalue=2667, gap_trigger=46, final_cutoff_score=46
[DEBUG] Effective search space for context (q_frame=3, s_frame=-2): effective_query_len=220581.0, effective_db_len=201943.0, effective_space=44544788883.0, length_adj=121
[DEBUG] Cutoff score for context (q_frame=3, s_frame=-2): cutoff_e=0.000000000000000000000000000000000000000000000000000000000000000000000000000000000000000000000000000000000000000000000000000000000000000000000000000000000000000000000000000000000000000000000000000000000000000000000000000000000000000000000000000000000000000000000000000000000000000000000000000000000001, cutoff_from_evalue=2667, gap_trigger=46, final_cutoff_score=46
[DEBUG] Effective search space for context (q_frame=-1, s_frame=-2): effective_query_len=220581.0, effective_db_len=201943.0, effective_space=44544788883.0, length_adj=121
[DEBUG] Cutoff score for context (q_frame=-1, s_frame=-2): cutoff_e=0.000000000000000000000000000000000000000000000000000000000000000000000000000000000000000000000000000000000000000000000000000000000000000000000000000000000000000000000000000000000000000000000000000000000000000000000000000000000000000000000000000000000000000000000000000000000000000000000000000000000001, cutoff_from_evalue=2667, gap_trigger=46, final_cutoff_score=46
[DEBUG] Effective search space for context (q_frame=-2, s_frame=-2): effective_query_len=220581.0, effective_db_len=201943.0, effective_space=44544788883.0, length_adj=121
[DEBUG] Cutoff score for context (q_frame=-2, s_frame=-2): cutoff_e=0.000000000000000000000000000000000000000000000000000000000000000000000000000000000000000000000000000000000000000000000000000000000000000000000000000000000000000000000000000000000000000000000000000000000000000000000000000000000000000000000000000000000000000000000000000000000000000000000000000000000001, cutoff_from_evalue=2667, gap_trigger=46, final_cutoff_score=46
[DEBUG] Effective search space for context (q_frame=-3, s_frame=-2): effective_query_len=220581.0, effective_db_len=201943.0, effective_space=44544788883.0, length_adj=121
[DEBUG] Cutoff score for context (q_frame=-3, s_frame=-2): cutoff_e=0.000000000000000000000000000000000000000000000000000000000000000000000000000000000000000000000000000000000000000000000000000000000000000000000000000000000000000000000000000000000000000000000000000000000000000000000000000000000000000000000000000000000000000000000000000000000000000000000000000000000001, cutoff_from_evalue=2667, gap_trigger=46, final_cutoff_score=46
[DEBUG] Effective search space for context (q_frame=1, s_frame=-3): effective_query_len=220581.0, effective_db_len=201943.0, effective_space=44544788883.0, length_adj=121
[DEBUG] Cutoff score for context (q_frame=1, s_frame=-3): cutoff_e=0.000000000000000000000000000000000000000000000000000000000000000000000000000000000000000000000000000000000000000000000000000000000000000000000000000000000000000000000000000000000000000000000000000000000000000000000000000000000000000000000000000000000000000000000000000000000000000000000000000000000001, cutoff_from_evalue=2667, gap_trigger=46, final_cutoff_score=46
[DEBUG] Effective search space for context (q_frame=2, s_frame=-3): effective_query_len=220581.0, effective_db_len=201943.0, effective_space=44544788883.0, length_adj=121
[DEBUG] Cutoff score for context (q_frame=2, s_frame=-3): cutoff_e=0.000000000000000000000000000000000000000000000000000000000000000000000000000000000000000000000000000000000000000000000000000000000000000000000000000000000000000000000000000000000000000000000000000000000000000000000000000000000000000000000000000000000000000000000000000000000000000000000000000000000001, cutoff_from_evalue=2667, gap_trigger=46, final_cutoff_score=46
[DEBUG] Effective search space for context (q_frame=3, s_frame=-3): effective_query_len=220581.0, effective_db_len=201943.0, effective_space=44544788883.0, length_adj=121
[DEBUG] Cutoff score for context (q_frame=3, s_frame=-3): cutoff_e=0.000000000000000000000000000000000000000000000000000000000000000000000000000000000000000000000000000000000000000000000000000000000000000000000000000000000000000000000000000000000000000000000000000000000000000000000000000000000000000000000000000000000000000000000000000000000000000000000000000000000001, cutoff_from_evalue=2667, gap_trigger=46, final_cutoff_score=46
[DEBUG] Effective search space for context (q_frame=-1, s_frame=-3): effective_query_len=220581.0, effective_db_len=201943.0, effective_space=44544788883.0, length_adj=121
[DEBUG] Cutoff score for context (q_frame=-1, s_frame=-3): cutoff_e=0.000000000000000000000000000000000000000000000000000000000000000000000000000000000000000000000000000000000000000000000000000000000000000000000000000000000000000000000000000000000000000000000000000000000000000000000000000000000000000000000000000000000000000000000000000000000000000000000000000000000001, cutoff_from_evalue=2667, gap_trigger=46, final_cutoff_score=46
[DEBUG] Effective search space for context (q_frame=-2, s_frame=-3): effective_query_len=220581.0, effective_db_len=201943.0, effective_space=44544788883.0, length_adj=121
[DEBUG] Cutoff score for context (q_frame=-2, s_frame=-3): cutoff_e=0.000000000000000000000000000000000000000000000000000000000000000000000000000000000000000000000000000000000000000000000000000000000000000000000000000000000000000000000000000000000000000000000000000000000000000000000000000000000000000000000000000000000000000000000000000000000000000000000000000000000001, cutoff_from_evalue=2667, gap_trigger=46, final_cutoff_score=46
[DEBUG] Effective search space for context (q_frame=-3, s_frame=-3): effective_query_len=220581.0, effective_db_len=201943.0, effective_space=44544788883.0, length_adj=121
[DEBUG] Cutoff score for context (q_frame=-3, s_frame=-3): cutoff_e=0.000000000000000000000000000000000000000000000000000000000000000000000000000000000000000000000000000000000000000000000000000000000000000000000000000000000000000000000000000000000000000000000000000000000000000000000000000000000000000000000000000000000000000000000000000000000000000000000000000000000001, cutoff_from_evalue=2667, gap_trigger=46, final_cutoff_score=46

=== TBLASTX Pipeline Diagnostics ===
Seed Stage:
  K-mer matches found:        58749243
  Seeds filtered (low score): 16498365
  Seeds filtered (two-hit):   0
  Seed distribution (two-hit analysis):
    First seed on diagonal:    9296872
    Second seed (in window):   63292
    Second seed (too far):     31285514
    Second seed (overlapping): 10091
  Seeds passed to extension:  40655769
Ungapped Extension Stage:
  Total extensions:           40655769
  One-hit extensions (left-only): 40592477
  Two-hit extensions (left+right): 63292
  Filtered (low score < 0):  0
Ungapped-Only Hits (skipped gapped extension):
  Total ungapped-only:        40655769
  Filtered (cutoff_score):     37331989
  E-value passed:             11967
  E-value failed:             3311813
Gapped Extension Stage:
  Gapped extensions run:      0
  Gapped hits (e-value ok):   0
Post-Processing Stage:
  HSPs before chaining:       11967
  Clusters (single HSP):      0
  Clusters (merged):          0
  HSPs in merged clusters:    0
  HSPs after chaining:        11967
  HSPs culled (dominated):    0
  Final hits (after filter):  11967
Output Source:
  From ungapped extension:    11967
  From gapped extension:      0
====================================


real	0m11.345s
user	0m11.025s
sys	0m0.120s
