Reading queries...
Building lookup table...
Reading subject file...
Searching 1 Queries vs 1 Subjects...

=== TBLASTX Pipeline Diagnostics ===
Seed Stage:
  K-mer matches found:        61218636
  Seeds filtered (low score): 16958171
  Seeds filtered (two-hit):   42496650
  Seeds passed to extension:  1563978
Ungapped Extension Stage:
  Ungapped extensions run:    1563978
  Filtered (low score < 22):  0
Ungapped-Only Hits (skipped gapped extension):
  Total ungapped-only:        1563978
  E-value passed:             23042
  E-value failed:             1540936
Gapped Extension Stage:
  Gapped extensions run:      0
  Gapped hits (e-value ok):   0
Post-Processing Stage:
  HSPs before chaining:       23042
  Clusters (single HSP):      4991
  Clusters (merged):          3934
  HSPs in merged clusters:    18051
  HSPs after chaining:        23042
  HSPs culled (dominated):    0
  Final hits (after filter):  23042
Output Source:
  From ungapped extension:    23042
  From gapped extension:      0
====================================


real	0m5.042s
user	0m4.775s
sys	0m0.160s
