Reading queries...
Building lookup table...
Reading subject file...
Searching 1 Queries vs 1 Subjects...
[DEBUG] Effective search space for context (q_frame=2, s_frame=1): effective_query_len=214224.0, effective_db_len=218911.0, effective_space=46895990064.0, length_adj=122
[DEBUG] Cutoff score for context (q_frame=2, s_frame=1): cutoff_e=0.000000000000000000000000000000000000000000000000000000000000000000000000000000000000000000000000000000000000000000000000000000000000000000000000000000000000000000000000000000000000000000000000000000000000000000000000000000000000000000000000000000000000000000000000000000000000000000000000000000000001, cutoff_from_evalue=2668, gap_trigger=46, final_cutoff_score=46
[DEBUG] Effective search space for context (q_frame=3, s_frame=1): effective_query_len=214223.0, effective_db_len=218911.0, effective_space=46895771153.0, length_adj=122
[DEBUG] Cutoff score for context (q_frame=3, s_frame=1): cutoff_e=0.000000000000000000000000000000000000000000000000000000000000000000000000000000000000000000000000000000000000000000000000000000000000000000000000000000000000000000000000000000000000000000000000000000000000000000000000000000000000000000000000000000000000000000000000000000000000000000000000000000000001, cutoff_from_evalue=2668, gap_trigger=46, final_cutoff_score=46
[DEBUG] Effective search space for context (q_frame=-2, s_frame=1): effective_query_len=214224.0, effective_db_len=218911.0, effective_space=46895990064.0, length_adj=122
[DEBUG] Cutoff score for context (q_frame=-2, s_frame=1): cutoff_e=0.000000000000000000000000000000000000000000000000000000000000000000000000000000000000000000000000000000000000000000000000000000000000000000000000000000000000000000000000000000000000000000000000000000000000000000000000000000000000000000000000000000000000000000000000000000000000000000000000000000000001, cutoff_from_evalue=2668, gap_trigger=46, final_cutoff_score=46
[DEBUG] Effective search space for context (q_frame=-1, s_frame=1): effective_query_len=214224.0, effective_db_len=218911.0, effective_space=46895990064.0, length_adj=122
[DEBUG] Cutoff score for context (q_frame=-1, s_frame=1): cutoff_e=0.000000000000000000000000000000000000000000000000000000000000000000000000000000000000000000000000000000000000000000000000000000000000000000000000000000000000000000000000000000000000000000000000000000000000000000000000000000000000000000000000000000000000000000000000000000000000000000000000000000000001, cutoff_from_evalue=2668, gap_trigger=46, final_cutoff_score=46
[DEBUG] Effective search space for context (q_frame=1, s_frame=1): effective_query_len=214224.0, effective_db_len=218911.0, effective_space=46895990064.0, length_adj=122
[DEBUG] Cutoff score for context (q_frame=1, s_frame=1): cutoff_e=0.000000000000000000000000000000000000000000000000000000000000000000000000000000000000000000000000000000000000000000000000000000000000000000000000000000000000000000000000000000000000000000000000000000000000000000000000000000000000000000000000000000000000000000000000000000000000000000000000000000000001, cutoff_from_evalue=2668, gap_trigger=46, final_cutoff_score=46
[DEBUG] Effective search space for context (q_frame=-3, s_frame=1): effective_query_len=214223.0, effective_db_len=218911.0, effective_space=46895771153.0, length_adj=122
[DEBUG] Cutoff score for context (q_frame=-3, s_frame=1): cutoff_e=0.000000000000000000000000000000000000000000000000000000000000000000000000000000000000000000000000000000000000000000000000000000000000000000000000000000000000000000000000000000000000000000000000000000000000000000000000000000000000000000000000000000000000000000000000000000000000000000000000000000000001, cutoff_from_evalue=2668, gap_trigger=46, final_cutoff_score=46
[DEBUG] Effective search space for context (q_frame=3, s_frame=2): effective_query_len=214223.0, effective_db_len=218911.0, effective_space=46895771153.0, length_adj=122
[DEBUG] Cutoff score for context (q_frame=3, s_frame=2): cutoff_e=0.000000000000000000000000000000000000000000000000000000000000000000000000000000000000000000000000000000000000000000000000000000000000000000000000000000000000000000000000000000000000000000000000000000000000000000000000000000000000000000000000000000000000000000000000000000000000000000000000000000000001, cutoff_from_evalue=2668, gap_trigger=46, final_cutoff_score=46
[DEBUG] Effective search space for context (q_frame=-1, s_frame=2): effective_query_len=214224.0, effective_db_len=218911.0, effective_space=46895990064.0, length_adj=122
[DEBUG] Cutoff score for context (q_frame=-1, s_frame=2): cutoff_e=0.000000000000000000000000000000000000000000000000000000000000000000000000000000000000000000000000000000000000000000000000000000000000000000000000000000000000000000000000000000000000000000000000000000000000000000000000000000000000000000000000000000000000000000000000000000000000000000000000000000000001, cutoff_from_evalue=2668, gap_trigger=46, final_cutoff_score=46
[DEBUG] Effective search space for context (q_frame=-2, s_frame=2): effective_query_len=214224.0, effective_db_len=218911.0, effective_space=46895990064.0, length_adj=122
[DEBUG] Cutoff score for context (q_frame=-2, s_frame=2): cutoff_e=0.000000000000000000000000000000000000000000000000000000000000000000000000000000000000000000000000000000000000000000000000000000000000000000000000000000000000000000000000000000000000000000000000000000000000000000000000000000000000000000000000000000000000000000000000000000000000000000000000000000000001, cutoff_from_evalue=2668, gap_trigger=46, final_cutoff_score=46
[DEBUG] Effective search space for context (q_frame=2, s_frame=2): effective_query_len=214224.0, effective_db_len=218911.0, effective_space=46895990064.0, length_adj=122
[DEBUG] Cutoff score for context (q_frame=2, s_frame=2): cutoff_e=0.000000000000000000000000000000000000000000000000000000000000000000000000000000000000000000000000000000000000000000000000000000000000000000000000000000000000000000000000000000000000000000000000000000000000000000000000000000000000000000000000000000000000000000000000000000000000000000000000000000000001, cutoff_from_evalue=2668, gap_trigger=46, final_cutoff_score=46
[DEBUG] Effective search space for context (q_frame=-3, s_frame=2): effective_query_len=214223.0, effective_db_len=218911.0, effective_space=46895771153.0, length_adj=122
[DEBUG] Cutoff score for context (q_frame=-3, s_frame=2): cutoff_e=0.000000000000000000000000000000000000000000000000000000000000000000000000000000000000000000000000000000000000000000000000000000000000000000000000000000000000000000000000000000000000000000000000000000000000000000000000000000000000000000000000000000000000000000000000000000000000000000000000000000000001, cutoff_from_evalue=2668, gap_trigger=46, final_cutoff_score=46
[DEBUG] Effective search space for context (q_frame=1, s_frame=2): effective_query_len=214224.0, effective_db_len=218911.0, effective_space=46895990064.0, length_adj=122
[DEBUG] Cutoff score for context (q_frame=1, s_frame=2): cutoff_e=0.000000000000000000000000000000000000000000000000000000000000000000000000000000000000000000000000000000000000000000000000000000000000000000000000000000000000000000000000000000000000000000000000000000000000000000000000000000000000000000000000000000000000000000000000000000000000000000000000000000000001, cutoff_from_evalue=2668, gap_trigger=46, final_cutoff_score=46
[DEBUG] Effective search space for context (q_frame=1, s_frame=3): effective_query_len=214224.0, effective_db_len=218911.0, effective_space=46895990064.0, length_adj=122
[DEBUG] Cutoff score for context (q_frame=1, s_frame=3): cutoff_e=0.000000000000000000000000000000000000000000000000000000000000000000000000000000000000000000000000000000000000000000000000000000000000000000000000000000000000000000000000000000000000000000000000000000000000000000000000000000000000000000000000000000000000000000000000000000000000000000000000000000000001, cutoff_from_evalue=2668, gap_trigger=46, final_cutoff_score=46
[DEBUG] Effective search space for context (q_frame=3, s_frame=3): effective_query_len=214223.0, effective_db_len=218911.0, effective_space=46895771153.0, length_adj=122
[DEBUG] Cutoff score for context (q_frame=3, s_frame=3): cutoff_e=0.000000000000000000000000000000000000000000000000000000000000000000000000000000000000000000000000000000000000000000000000000000000000000000000000000000000000000000000000000000000000000000000000000000000000000000000000000000000000000000000000000000000000000000000000000000000000000000000000000000000001, cutoff_from_evalue=2668, gap_trigger=46, final_cutoff_score=46
[DEBUG] Effective search space for context (q_frame=-1, s_frame=3): effective_query_len=214224.0, effective_db_len=218911.0, effective_space=46895990064.0, length_adj=122
[DEBUG] Cutoff score for context (q_frame=-1, s_frame=3): cutoff_e=0.000000000000000000000000000000000000000000000000000000000000000000000000000000000000000000000000000000000000000000000000000000000000000000000000000000000000000000000000000000000000000000000000000000000000000000000000000000000000000000000000000000000000000000000000000000000000000000000000000000000001, cutoff_from_evalue=2668, gap_trigger=46, final_cutoff_score=46
[DEBUG] Effective search space for context (q_frame=-2, s_frame=3): effective_query_len=214224.0, effective_db_len=218911.0, effective_space=46895990064.0, length_adj=122
[DEBUG] Cutoff score for context (q_frame=-2, s_frame=3): cutoff_e=0.000000000000000000000000000000000000000000000000000000000000000000000000000000000000000000000000000000000000000000000000000000000000000000000000000000000000000000000000000000000000000000000000000000000000000000000000000000000000000000000000000000000000000000000000000000000000000000000000000000000001, cutoff_from_evalue=2668, gap_trigger=46, final_cutoff_score=46
[DEBUG] Effective search space for context (q_frame=-3, s_frame=3): effective_query_len=214223.0, effective_db_len=218911.0, effective_space=46895771153.0, length_adj=122
[DEBUG] Cutoff score for context (q_frame=-3, s_frame=3): cutoff_e=0.000000000000000000000000000000000000000000000000000000000000000000000000000000000000000000000000000000000000000000000000000000000000000000000000000000000000000000000000000000000000000000000000000000000000000000000000000000000000000000000000000000000000000000000000000000000000000000000000000000000001, cutoff_from_evalue=2668, gap_trigger=46, final_cutoff_score=46
[DEBUG] Effective search space for context (q_frame=2, s_frame=3): effective_query_len=214224.0, effective_db_len=218911.0, effective_space=46895990064.0, length_adj=122
[DEBUG] Cutoff score for context (q_frame=2, s_frame=3): cutoff_e=0.000000000000000000000000000000000000000000000000000000000000000000000000000000000000000000000000000000000000000000000000000000000000000000000000000000000000000000000000000000000000000000000000000000000000000000000000000000000000000000000000000000000000000000000000000000000000000000000000000000000001, cutoff_from_evalue=2668, gap_trigger=46, final_cutoff_score=46
[DEBUG] Effective search space for context (q_frame=-3, s_frame=-1): effective_query_len=214223.0, effective_db_len=218911.0, effective_space=46895771153.0, length_adj=122
[DEBUG] Cutoff score for context (q_frame=-3, s_frame=-1): cutoff_e=0.000000000000000000000000000000000000000000000000000000000000000000000000000000000000000000000000000000000000000000000000000000000000000000000000000000000000000000000000000000000000000000000000000000000000000000000000000000000000000000000000000000000000000000000000000000000000000000000000000000000001, cutoff_from_evalue=2668, gap_trigger=46, final_cutoff_score=46
[DEBUG] Effective search space for context (q_frame=3, s_frame=-1): effective_query_len=214223.0, effective_db_len=218911.0, effective_space=46895771153.0, length_adj=122
[DEBUG] Cutoff score for context (q_frame=3, s_frame=-1): cutoff_e=0.000000000000000000000000000000000000000000000000000000000000000000000000000000000000000000000000000000000000000000000000000000000000000000000000000000000000000000000000000000000000000000000000000000000000000000000000000000000000000000000000000000000000000000000000000000000000000000000000000000000001, cutoff_from_evalue=2668, gap_trigger=46, final_cutoff_score=46
[DEBUG] Effective search space for context (q_frame=1, s_frame=-1): effective_query_len=214224.0, effective_db_len=218911.0, effective_space=46895990064.0, length_adj=122
[DEBUG] Cutoff score for context (q_frame=1, s_frame=-1): cutoff_e=0.000000000000000000000000000000000000000000000000000000000000000000000000000000000000000000000000000000000000000000000000000000000000000000000000000000000000000000000000000000000000000000000000000000000000000000000000000000000000000000000000000000000000000000000000000000000000000000000000000000000001, cutoff_from_evalue=2668, gap_trigger=46, final_cutoff_score=46
[DEBUG] Effective search space for context (q_frame=2, s_frame=-1): effective_query_len=214224.0, effective_db_len=218911.0, effective_space=46895990064.0, length_adj=122
[DEBUG] Cutoff score for context (q_frame=2, s_frame=-1): cutoff_e=0.000000000000000000000000000000000000000000000000000000000000000000000000000000000000000000000000000000000000000000000000000000000000000000000000000000000000000000000000000000000000000000000000000000000000000000000000000000000000000000000000000000000000000000000000000000000000000000000000000000000001, cutoff_from_evalue=2668, gap_trigger=46, final_cutoff_score=46
[DEBUG] Effective search space for context (q_frame=-2, s_frame=-1): effective_query_len=214224.0, effective_db_len=218911.0, effective_space=46895990064.0, length_adj=122
[DEBUG] Cutoff score for context (q_frame=-2, s_frame=-1): cutoff_e=0.000000000000000000000000000000000000000000000000000000000000000000000000000000000000000000000000000000000000000000000000000000000000000000000000000000000000000000000000000000000000000000000000000000000000000000000000000000000000000000000000000000000000000000000000000000000000000000000000000000000001, cutoff_from_evalue=2668, gap_trigger=46, final_cutoff_score=46
[DEBUG] Effective search space for context (q_frame=-1, s_frame=-1): effective_query_len=214224.0, effective_db_len=218911.0, effective_space=46895990064.0, length_adj=122
[DEBUG] Cutoff score for context (q_frame=-1, s_frame=-1): cutoff_e=0.000000000000000000000000000000000000000000000000000000000000000000000000000000000000000000000000000000000000000000000000000000000000000000000000000000000000000000000000000000000000000000000000000000000000000000000000000000000000000000000000000000000000000000000000000000000000000000000000000000000001, cutoff_from_evalue=2668, gap_trigger=46, final_cutoff_score=46
[DEBUG] Effective search space for context (q_frame=3, s_frame=-2): effective_query_len=214223.0, effective_db_len=218911.0, effective_space=46895771153.0, length_adj=122
[DEBUG] Cutoff score for context (q_frame=3, s_frame=-2): cutoff_e=0.000000000000000000000000000000000000000000000000000000000000000000000000000000000000000000000000000000000000000000000000000000000000000000000000000000000000000000000000000000000000000000000000000000000000000000000000000000000000000000000000000000000000000000000000000000000000000000000000000000000001, cutoff_from_evalue=2668, gap_trigger=46, final_cutoff_score=46
[DEBUG] Effective search space for context (q_frame=-1, s_frame=-2): effective_query_len=214224.0, effective_db_len=218911.0, effective_space=46895990064.0, length_adj=122
[DEBUG] Cutoff score for context (q_frame=-1, s_frame=-2): cutoff_e=0.000000000000000000000000000000000000000000000000000000000000000000000000000000000000000000000000000000000000000000000000000000000000000000000000000000000000000000000000000000000000000000000000000000000000000000000000000000000000000000000000000000000000000000000000000000000000000000000000000000000001, cutoff_from_evalue=2668, gap_trigger=46, final_cutoff_score=46
[DEBUG] Effective search space for context (q_frame=-2, s_frame=-2): effective_query_len=214224.0, effective_db_len=218911.0, effective_space=46895990064.0, length_adj=122
[DEBUG] Cutoff score for context (q_frame=-2, s_frame=-2): cutoff_e=0.000000000000000000000000000000000000000000000000000000000000000000000000000000000000000000000000000000000000000000000000000000000000000000000000000000000000000000000000000000000000000000000000000000000000000000000000000000000000000000000000000000000000000000000000000000000000000000000000000000000001, cutoff_from_evalue=2668, gap_trigger=46, final_cutoff_score=46
[DEBUG] Effective search space for context (q_frame=-3, s_frame=-2): effective_query_len=214223.0, effective_db_len=218911.0, effective_space=46895771153.0, length_adj=122
[DEBUG] Cutoff score for context (q_frame=-3, s_frame=-2): cutoff_e=0.000000000000000000000000000000000000000000000000000000000000000000000000000000000000000000000000000000000000000000000000000000000000000000000000000000000000000000000000000000000000000000000000000000000000000000000000000000000000000000000000000000000000000000000000000000000000000000000000000000000001, cutoff_from_evalue=2668, gap_trigger=46, final_cutoff_score=46
[DEBUG] Effective search space for context (q_frame=2, s_frame=-2): effective_query_len=214224.0, effective_db_len=218911.0, effective_space=46895990064.0, length_adj=122
[DEBUG] Cutoff score for context (q_frame=2, s_frame=-2): cutoff_e=0.000000000000000000000000000000000000000000000000000000000000000000000000000000000000000000000000000000000000000000000000000000000000000000000000000000000000000000000000000000000000000000000000000000000000000000000000000000000000000000000000000000000000000000000000000000000000000000000000000000000001, cutoff_from_evalue=2668, gap_trigger=46, final_cutoff_score=46
[DEBUG] Effective search space for context (q_frame=1, s_frame=-2): effective_query_len=214224.0, effective_db_len=218911.0, effective_space=46895990064.0, length_adj=122
[DEBUG] Cutoff score for context (q_frame=1, s_frame=-2): cutoff_e=0.000000000000000000000000000000000000000000000000000000000000000000000000000000000000000000000000000000000000000000000000000000000000000000000000000000000000000000000000000000000000000000000000000000000000000000000000000000000000000000000000000000000000000000000000000000000000000000000000000000000001, cutoff_from_evalue=2668, gap_trigger=46, final_cutoff_score=46
[DEBUG] Effective search space for context (q_frame=1, s_frame=-3): effective_query_len=214224.0, effective_db_len=218911.0, effective_space=46895990064.0, length_adj=122
[DEBUG] Cutoff score for context (q_frame=1, s_frame=-3): cutoff_e=0.000000000000000000000000000000000000000000000000000000000000000000000000000000000000000000000000000000000000000000000000000000000000000000000000000000000000000000000000000000000000000000000000000000000000000000000000000000000000000000000000000000000000000000000000000000000000000000000000000000000001, cutoff_from_evalue=2668, gap_trigger=46, final_cutoff_score=46
[DEBUG] Effective search space for context (q_frame=2, s_frame=-3): effective_query_len=214224.0, effective_db_len=218911.0, effective_space=46895990064.0, length_adj=122
[DEBUG] Cutoff score for context (q_frame=2, s_frame=-3): cutoff_e=0.000000000000000000000000000000000000000000000000000000000000000000000000000000000000000000000000000000000000000000000000000000000000000000000000000000000000000000000000000000000000000000000000000000000000000000000000000000000000000000000000000000000000000000000000000000000000000000000000000000000001, cutoff_from_evalue=2668, gap_trigger=46, final_cutoff_score=46
[DEBUG] Effective search space for context (q_frame=-2, s_frame=-3): effective_query_len=214224.0, effective_db_len=218911.0, effective_space=46895990064.0, length_adj=122
[DEBUG] Cutoff score for context (q_frame=-2, s_frame=-3): cutoff_e=0.000000000000000000000000000000000000000000000000000000000000000000000000000000000000000000000000000000000000000000000000000000000000000000000000000000000000000000000000000000000000000000000000000000000000000000000000000000000000000000000000000000000000000000000000000000000000000000000000000000000001, cutoff_from_evalue=2668, gap_trigger=46, final_cutoff_score=46
[DEBUG] Effective search space for context (q_frame=3, s_frame=-3): effective_query_len=214223.0, effective_db_len=218911.0, effective_space=46895771153.0, length_adj=122
[DEBUG] Cutoff score for context (q_frame=3, s_frame=-3): cutoff_e=0.000000000000000000000000000000000000000000000000000000000000000000000000000000000000000000000000000000000000000000000000000000000000000000000000000000000000000000000000000000000000000000000000000000000000000000000000000000000000000000000000000000000000000000000000000000000000000000000000000000000001, cutoff_from_evalue=2668, gap_trigger=46, final_cutoff_score=46
[DEBUG] Effective search space for context (q_frame=-1, s_frame=-3): effective_query_len=214224.0, effective_db_len=218911.0, effective_space=46895990064.0, length_adj=122
[DEBUG] Cutoff score for context (q_frame=-1, s_frame=-3): cutoff_e=0.000000000000000000000000000000000000000000000000000000000000000000000000000000000000000000000000000000000000000000000000000000000000000000000000000000000000000000000000000000000000000000000000000000000000000000000000000000000000000000000000000000000000000000000000000000000000000000000000000000000001, cutoff_from_evalue=2668, gap_trigger=46, final_cutoff_score=46
[DEBUG] Effective search space for context (q_frame=-3, s_frame=-3): effective_query_len=214223.0, effective_db_len=218911.0, effective_space=46895771153.0, length_adj=122
[DEBUG] Cutoff score for context (q_frame=-3, s_frame=-3): cutoff_e=0.000000000000000000000000000000000000000000000000000000000000000000000000000000000000000000000000000000000000000000000000000000000000000000000000000000000000000000000000000000000000000000000000000000000000000000000000000000000000000000000000000000000000000000000000000000000000000000000000000000000001, cutoff_from_evalue=2668, gap_trigger=46, final_cutoff_score=46

=== TBLASTX Pipeline Diagnostics ===
Seed Stage:
  K-mer matches found:        59947933
  Seeds filtered (low score): 17188048
  Seeds filtered (two-hit):   42206059
  Seed distribution (two-hit analysis):
    First seed on diagonal:    9296114
    Second seed (in window):   93222
    Second seed (too far):     31381444
    Second seed (overlapping): 1528501
  Seeds passed to extension:  93222
Ungapped Extension Stage:
  Ungapped extensions run:    93222
  Filtered (low score < 0):  0
Ungapped-Only Hits (skipped gapped extension):
  Total ungapped-only:        93222
  Filtered (cutoff_score):     63882
  E-value passed:             14015
  E-value failed:             15325
Gapped Extension Stage:
  Gapped extensions run:      0
  Gapped hits (e-value ok):   0
Post-Processing Stage:
  HSPs before chaining:       14015
  Clusters (single HSP):      0
  Clusters (merged):          0
  HSPs in merged clusters:    0
  HSPs after chaining:        14015
  HSPs culled (dominated):    0
  Final hits (after filter):  14015
Output Source:
  From ungapped extension:    14015
  From gapped extension:      0
====================================


real	0m4.650s
user	0m4.555s
sys	0m0.040s
