Reading queries...
Building lookup table...
Reading subject file...
Searching 1 Queries vs 1 Subjects...
[DEBUG] Effective search space for context (q_frame=1, s_frame=1): effective_query_len=205086.0, effective_db_len=220581.0, effective_space=45238074966.0, length_adj=121
[DEBUG] Cutoff score for context (q_frame=1, s_frame=1): cutoff_e=0.000000000000000000000000000000000000000000000000000000000000000000000000000000000000000000000000000000000000000000000000000000000000000000000000000000000000000000000000000000000000000000000000000000000000000000000000000000000000000000000000000000000000000000000000000000000000000000000000000000000001, cutoff_from_evalue=2668, gap_trigger=46, final_cutoff_score=46
[DEBUG] Effective search space for context (q_frame=2, s_frame=1): effective_query_len=205086.0, effective_db_len=220581.0, effective_space=45238074966.0, length_adj=121
[DEBUG] Cutoff score for context (q_frame=2, s_frame=1): cutoff_e=0.000000000000000000000000000000000000000000000000000000000000000000000000000000000000000000000000000000000000000000000000000000000000000000000000000000000000000000000000000000000000000000000000000000000000000000000000000000000000000000000000000000000000000000000000000000000000000000000000000000000001, cutoff_from_evalue=2668, gap_trigger=46, final_cutoff_score=46
[DEBUG] Effective search space for context (q_frame=3, s_frame=1): effective_query_len=205085.0, effective_db_len=220581.0, effective_space=45237854385.0, length_adj=121
[DEBUG] Cutoff score for context (q_frame=3, s_frame=1): cutoff_e=0.000000000000000000000000000000000000000000000000000000000000000000000000000000000000000000000000000000000000000000000000000000000000000000000000000000000000000000000000000000000000000000000000000000000000000000000000000000000000000000000000000000000000000000000000000000000000000000000000000000000001, cutoff_from_evalue=2668, gap_trigger=46, final_cutoff_score=46
[DEBUG] Effective search space for context (q_frame=-1, s_frame=1): effective_query_len=205086.0, effective_db_len=220581.0, effective_space=45238074966.0, length_adj=121
[DEBUG] Cutoff score for context (q_frame=-1, s_frame=1): cutoff_e=0.000000000000000000000000000000000000000000000000000000000000000000000000000000000000000000000000000000000000000000000000000000000000000000000000000000000000000000000000000000000000000000000000000000000000000000000000000000000000000000000000000000000000000000000000000000000000000000000000000000000001, cutoff_from_evalue=2668, gap_trigger=46, final_cutoff_score=46
[DEBUG] Effective search space for context (q_frame=-2, s_frame=1): effective_query_len=205086.0, effective_db_len=220581.0, effective_space=45238074966.0, length_adj=121
[DEBUG] Cutoff score for context (q_frame=-2, s_frame=1): cutoff_e=0.000000000000000000000000000000000000000000000000000000000000000000000000000000000000000000000000000000000000000000000000000000000000000000000000000000000000000000000000000000000000000000000000000000000000000000000000000000000000000000000000000000000000000000000000000000000000000000000000000000000001, cutoff_from_evalue=2668, gap_trigger=46, final_cutoff_score=46
[DEBUG] Effective search space for context (q_frame=-3, s_frame=1): effective_query_len=205085.0, effective_db_len=220581.0, effective_space=45237854385.0, length_adj=121
[DEBUG] Cutoff score for context (q_frame=-3, s_frame=1): cutoff_e=0.000000000000000000000000000000000000000000000000000000000000000000000000000000000000000000000000000000000000000000000000000000000000000000000000000000000000000000000000000000000000000000000000000000000000000000000000000000000000000000000000000000000000000000000000000000000000000000000000000000000001, cutoff_from_evalue=2668, gap_trigger=46, final_cutoff_score=46
[DEBUG] Effective search space for context (q_frame=1, s_frame=2): effective_query_len=205086.0, effective_db_len=220581.0, effective_space=45238074966.0, length_adj=121
[DEBUG] Cutoff score for context (q_frame=1, s_frame=2): cutoff_e=0.000000000000000000000000000000000000000000000000000000000000000000000000000000000000000000000000000000000000000000000000000000000000000000000000000000000000000000000000000000000000000000000000000000000000000000000000000000000000000000000000000000000000000000000000000000000000000000000000000000000001, cutoff_from_evalue=2668, gap_trigger=46, final_cutoff_score=46
[DEBUG] Effective search space for context (q_frame=2, s_frame=2): effective_query_len=205086.0, effective_db_len=220581.0, effective_space=45238074966.0, length_adj=121
[DEBUG] Cutoff score for context (q_frame=2, s_frame=2): cutoff_e=0.000000000000000000000000000000000000000000000000000000000000000000000000000000000000000000000000000000000000000000000000000000000000000000000000000000000000000000000000000000000000000000000000000000000000000000000000000000000000000000000000000000000000000000000000000000000000000000000000000000000001, cutoff_from_evalue=2668, gap_trigger=46, final_cutoff_score=46
[DEBUG] Effective search space for context (q_frame=3, s_frame=2): effective_query_len=205085.0, effective_db_len=220581.0, effective_space=45237854385.0, length_adj=121
[DEBUG] Cutoff score for context (q_frame=3, s_frame=2): cutoff_e=0.000000000000000000000000000000000000000000000000000000000000000000000000000000000000000000000000000000000000000000000000000000000000000000000000000000000000000000000000000000000000000000000000000000000000000000000000000000000000000000000000000000000000000000000000000000000000000000000000000000000001, cutoff_from_evalue=2668, gap_trigger=46, final_cutoff_score=46
[DEBUG] Effective search space for context (q_frame=-1, s_frame=2): effective_query_len=205086.0, effective_db_len=220581.0, effective_space=45238074966.0, length_adj=121
[DEBUG] Cutoff score for context (q_frame=-1, s_frame=2): cutoff_e=0.000000000000000000000000000000000000000000000000000000000000000000000000000000000000000000000000000000000000000000000000000000000000000000000000000000000000000000000000000000000000000000000000000000000000000000000000000000000000000000000000000000000000000000000000000000000000000000000000000000000001, cutoff_from_evalue=2668, gap_trigger=46, final_cutoff_score=46
[DEBUG] Effective search space for context (q_frame=-2, s_frame=2): effective_query_len=205086.0, effective_db_len=220581.0, effective_space=45238074966.0, length_adj=121
[DEBUG] Cutoff score for context (q_frame=-2, s_frame=2): cutoff_e=0.000000000000000000000000000000000000000000000000000000000000000000000000000000000000000000000000000000000000000000000000000000000000000000000000000000000000000000000000000000000000000000000000000000000000000000000000000000000000000000000000000000000000000000000000000000000000000000000000000000000001, cutoff_from_evalue=2668, gap_trigger=46, final_cutoff_score=46
[DEBUG] Effective search space for context (q_frame=-3, s_frame=2): effective_query_len=205085.0, effective_db_len=220581.0, effective_space=45237854385.0, length_adj=121
[DEBUG] Cutoff score for context (q_frame=-3, s_frame=2): cutoff_e=0.000000000000000000000000000000000000000000000000000000000000000000000000000000000000000000000000000000000000000000000000000000000000000000000000000000000000000000000000000000000000000000000000000000000000000000000000000000000000000000000000000000000000000000000000000000000000000000000000000000000001, cutoff_from_evalue=2668, gap_trigger=46, final_cutoff_score=46
[DEBUG] Effective search space for context (q_frame=1, s_frame=3): effective_query_len=205086.0, effective_db_len=220581.0, effective_space=45238074966.0, length_adj=121
[DEBUG] Cutoff score for context (q_frame=1, s_frame=3): cutoff_e=0.000000000000000000000000000000000000000000000000000000000000000000000000000000000000000000000000000000000000000000000000000000000000000000000000000000000000000000000000000000000000000000000000000000000000000000000000000000000000000000000000000000000000000000000000000000000000000000000000000000000001, cutoff_from_evalue=2668, gap_trigger=46, final_cutoff_score=46
[DEBUG] Effective search space for context (q_frame=2, s_frame=3): effective_query_len=205086.0, effective_db_len=220581.0, effective_space=45238074966.0, length_adj=121
[DEBUG] Cutoff score for context (q_frame=2, s_frame=3): cutoff_e=0.000000000000000000000000000000000000000000000000000000000000000000000000000000000000000000000000000000000000000000000000000000000000000000000000000000000000000000000000000000000000000000000000000000000000000000000000000000000000000000000000000000000000000000000000000000000000000000000000000000000001, cutoff_from_evalue=2668, gap_trigger=46, final_cutoff_score=46
[DEBUG] Effective search space for context (q_frame=3, s_frame=3): effective_query_len=205085.0, effective_db_len=220581.0, effective_space=45237854385.0, length_adj=121
[DEBUG] Cutoff score for context (q_frame=3, s_frame=3): cutoff_e=0.000000000000000000000000000000000000000000000000000000000000000000000000000000000000000000000000000000000000000000000000000000000000000000000000000000000000000000000000000000000000000000000000000000000000000000000000000000000000000000000000000000000000000000000000000000000000000000000000000000000001, cutoff_from_evalue=2668, gap_trigger=46, final_cutoff_score=46
[DEBUG] Effective search space for context (q_frame=-1, s_frame=3): effective_query_len=205086.0, effective_db_len=220581.0, effective_space=45238074966.0, length_adj=121
[DEBUG] Cutoff score for context (q_frame=-1, s_frame=3): cutoff_e=0.000000000000000000000000000000000000000000000000000000000000000000000000000000000000000000000000000000000000000000000000000000000000000000000000000000000000000000000000000000000000000000000000000000000000000000000000000000000000000000000000000000000000000000000000000000000000000000000000000000000001, cutoff_from_evalue=2668, gap_trigger=46, final_cutoff_score=46
[DEBUG] Effective search space for context (q_frame=-2, s_frame=3): effective_query_len=205086.0, effective_db_len=220581.0, effective_space=45238074966.0, length_adj=121
[DEBUG] Cutoff score for context (q_frame=-2, s_frame=3): cutoff_e=0.000000000000000000000000000000000000000000000000000000000000000000000000000000000000000000000000000000000000000000000000000000000000000000000000000000000000000000000000000000000000000000000000000000000000000000000000000000000000000000000000000000000000000000000000000000000000000000000000000000000001, cutoff_from_evalue=2668, gap_trigger=46, final_cutoff_score=46
[DEBUG] Effective search space for context (q_frame=-3, s_frame=3): effective_query_len=205085.0, effective_db_len=220581.0, effective_space=45237854385.0, length_adj=121
[DEBUG] Cutoff score for context (q_frame=-3, s_frame=3): cutoff_e=0.000000000000000000000000000000000000000000000000000000000000000000000000000000000000000000000000000000000000000000000000000000000000000000000000000000000000000000000000000000000000000000000000000000000000000000000000000000000000000000000000000000000000000000000000000000000000000000000000000000000001, cutoff_from_evalue=2668, gap_trigger=46, final_cutoff_score=46
[DEBUG] Effective search space for context (q_frame=1, s_frame=-1): effective_query_len=205086.0, effective_db_len=220581.0, effective_space=45238074966.0, length_adj=121
[DEBUG] Cutoff score for context (q_frame=1, s_frame=-1): cutoff_e=0.000000000000000000000000000000000000000000000000000000000000000000000000000000000000000000000000000000000000000000000000000000000000000000000000000000000000000000000000000000000000000000000000000000000000000000000000000000000000000000000000000000000000000000000000000000000000000000000000000000000001, cutoff_from_evalue=2668, gap_trigger=46, final_cutoff_score=46
[DEBUG] Effective search space for context (q_frame=2, s_frame=-1): effective_query_len=205086.0, effective_db_len=220581.0, effective_space=45238074966.0, length_adj=121
[DEBUG] Cutoff score for context (q_frame=2, s_frame=-1): cutoff_e=0.000000000000000000000000000000000000000000000000000000000000000000000000000000000000000000000000000000000000000000000000000000000000000000000000000000000000000000000000000000000000000000000000000000000000000000000000000000000000000000000000000000000000000000000000000000000000000000000000000000000001, cutoff_from_evalue=2668, gap_trigger=46, final_cutoff_score=46
[DEBUG] Effective search space for context (q_frame=3, s_frame=-1): effective_query_len=205085.0, effective_db_len=220581.0, effective_space=45237854385.0, length_adj=121
[DEBUG] Cutoff score for context (q_frame=3, s_frame=-1): cutoff_e=0.000000000000000000000000000000000000000000000000000000000000000000000000000000000000000000000000000000000000000000000000000000000000000000000000000000000000000000000000000000000000000000000000000000000000000000000000000000000000000000000000000000000000000000000000000000000000000000000000000000000001, cutoff_from_evalue=2668, gap_trigger=46, final_cutoff_score=46
[DEBUG] Effective search space for context (q_frame=-1, s_frame=-1): effective_query_len=205086.0, effective_db_len=220581.0, effective_space=45238074966.0, length_adj=121
[DEBUG] Cutoff score for context (q_frame=-1, s_frame=-1): cutoff_e=0.000000000000000000000000000000000000000000000000000000000000000000000000000000000000000000000000000000000000000000000000000000000000000000000000000000000000000000000000000000000000000000000000000000000000000000000000000000000000000000000000000000000000000000000000000000000000000000000000000000000001, cutoff_from_evalue=2668, gap_trigger=46, final_cutoff_score=46
[DEBUG] Effective search space for context (q_frame=-2, s_frame=-1): effective_query_len=205086.0, effective_db_len=220581.0, effective_space=45238074966.0, length_adj=121
[DEBUG] Cutoff score for context (q_frame=-2, s_frame=-1): cutoff_e=0.000000000000000000000000000000000000000000000000000000000000000000000000000000000000000000000000000000000000000000000000000000000000000000000000000000000000000000000000000000000000000000000000000000000000000000000000000000000000000000000000000000000000000000000000000000000000000000000000000000000001, cutoff_from_evalue=2668, gap_trigger=46, final_cutoff_score=46
[DEBUG] Effective search space for context (q_frame=-3, s_frame=-1): effective_query_len=205085.0, effective_db_len=220581.0, effective_space=45237854385.0, length_adj=121
[DEBUG] Cutoff score for context (q_frame=-3, s_frame=-1): cutoff_e=0.000000000000000000000000000000000000000000000000000000000000000000000000000000000000000000000000000000000000000000000000000000000000000000000000000000000000000000000000000000000000000000000000000000000000000000000000000000000000000000000000000000000000000000000000000000000000000000000000000000000001, cutoff_from_evalue=2668, gap_trigger=46, final_cutoff_score=46
[DEBUG] Effective search space for context (q_frame=1, s_frame=-2): effective_query_len=205086.0, effective_db_len=220581.0, effective_space=45238074966.0, length_adj=121
[DEBUG] Cutoff score for context (q_frame=1, s_frame=-2): cutoff_e=0.000000000000000000000000000000000000000000000000000000000000000000000000000000000000000000000000000000000000000000000000000000000000000000000000000000000000000000000000000000000000000000000000000000000000000000000000000000000000000000000000000000000000000000000000000000000000000000000000000000000001, cutoff_from_evalue=2668, gap_trigger=46, final_cutoff_score=46
[DEBUG] Effective search space for context (q_frame=2, s_frame=-2): effective_query_len=205086.0, effective_db_len=220581.0, effective_space=45238074966.0, length_adj=121
[DEBUG] Cutoff score for context (q_frame=2, s_frame=-2): cutoff_e=0.000000000000000000000000000000000000000000000000000000000000000000000000000000000000000000000000000000000000000000000000000000000000000000000000000000000000000000000000000000000000000000000000000000000000000000000000000000000000000000000000000000000000000000000000000000000000000000000000000000000001, cutoff_from_evalue=2668, gap_trigger=46, final_cutoff_score=46
[DEBUG] Effective search space for context (q_frame=3, s_frame=-2): effective_query_len=205085.0, effective_db_len=220581.0, effective_space=45237854385.0, length_adj=121
[DEBUG] Cutoff score for context (q_frame=3, s_frame=-2): cutoff_e=0.000000000000000000000000000000000000000000000000000000000000000000000000000000000000000000000000000000000000000000000000000000000000000000000000000000000000000000000000000000000000000000000000000000000000000000000000000000000000000000000000000000000000000000000000000000000000000000000000000000000001, cutoff_from_evalue=2668, gap_trigger=46, final_cutoff_score=46
[DEBUG] Effective search space for context (q_frame=-1, s_frame=-2): effective_query_len=205086.0, effective_db_len=220581.0, effective_space=45238074966.0, length_adj=121
[DEBUG] Cutoff score for context (q_frame=-1, s_frame=-2): cutoff_e=0.000000000000000000000000000000000000000000000000000000000000000000000000000000000000000000000000000000000000000000000000000000000000000000000000000000000000000000000000000000000000000000000000000000000000000000000000000000000000000000000000000000000000000000000000000000000000000000000000000000000001, cutoff_from_evalue=2668, gap_trigger=46, final_cutoff_score=46
[DEBUG] Effective search space for context (q_frame=-2, s_frame=-2): effective_query_len=205086.0, effective_db_len=220581.0, effective_space=45238074966.0, length_adj=121
[DEBUG] Cutoff score for context (q_frame=-2, s_frame=-2): cutoff_e=0.000000000000000000000000000000000000000000000000000000000000000000000000000000000000000000000000000000000000000000000000000000000000000000000000000000000000000000000000000000000000000000000000000000000000000000000000000000000000000000000000000000000000000000000000000000000000000000000000000000000001, cutoff_from_evalue=2668, gap_trigger=46, final_cutoff_score=46
[DEBUG] Effective search space for context (q_frame=-3, s_frame=-2): effective_query_len=205085.0, effective_db_len=220581.0, effective_space=45237854385.0, length_adj=121
[DEBUG] Cutoff score for context (q_frame=-3, s_frame=-2): cutoff_e=0.000000000000000000000000000000000000000000000000000000000000000000000000000000000000000000000000000000000000000000000000000000000000000000000000000000000000000000000000000000000000000000000000000000000000000000000000000000000000000000000000000000000000000000000000000000000000000000000000000000000001, cutoff_from_evalue=2668, gap_trigger=46, final_cutoff_score=46
[DEBUG] Effective search space for context (q_frame=1, s_frame=-3): effective_query_len=205086.0, effective_db_len=220581.0, effective_space=45238074966.0, length_adj=121
[DEBUG] Cutoff score for context (q_frame=1, s_frame=-3): cutoff_e=0.000000000000000000000000000000000000000000000000000000000000000000000000000000000000000000000000000000000000000000000000000000000000000000000000000000000000000000000000000000000000000000000000000000000000000000000000000000000000000000000000000000000000000000000000000000000000000000000000000000000001, cutoff_from_evalue=2668, gap_trigger=46, final_cutoff_score=46
[DEBUG] Effective search space for context (q_frame=2, s_frame=-3): effective_query_len=205086.0, effective_db_len=220581.0, effective_space=45238074966.0, length_adj=121
[DEBUG] Cutoff score for context (q_frame=2, s_frame=-3): cutoff_e=0.000000000000000000000000000000000000000000000000000000000000000000000000000000000000000000000000000000000000000000000000000000000000000000000000000000000000000000000000000000000000000000000000000000000000000000000000000000000000000000000000000000000000000000000000000000000000000000000000000000000001, cutoff_from_evalue=2668, gap_trigger=46, final_cutoff_score=46
[DEBUG] Effective search space for context (q_frame=3, s_frame=-3): effective_query_len=205085.0, effective_db_len=220581.0, effective_space=45237854385.0, length_adj=121
[DEBUG] Cutoff score for context (q_frame=3, s_frame=-3): cutoff_e=0.000000000000000000000000000000000000000000000000000000000000000000000000000000000000000000000000000000000000000000000000000000000000000000000000000000000000000000000000000000000000000000000000000000000000000000000000000000000000000000000000000000000000000000000000000000000000000000000000000000000001, cutoff_from_evalue=2668, gap_trigger=46, final_cutoff_score=46
[DEBUG] Effective search space for context (q_frame=-1, s_frame=-3): effective_query_len=205086.0, effective_db_len=220581.0, effective_space=45238074966.0, length_adj=121
[DEBUG] Cutoff score for context (q_frame=-1, s_frame=-3): cutoff_e=0.000000000000000000000000000000000000000000000000000000000000000000000000000000000000000000000000000000000000000000000000000000000000000000000000000000000000000000000000000000000000000000000000000000000000000000000000000000000000000000000000000000000000000000000000000000000000000000000000000000000001, cutoff_from_evalue=2668, gap_trigger=46, final_cutoff_score=46
[DEBUG] Effective search space for context (q_frame=-2, s_frame=-3): effective_query_len=205086.0, effective_db_len=220581.0, effective_space=45238074966.0, length_adj=121
[DEBUG] Cutoff score for context (q_frame=-2, s_frame=-3): cutoff_e=0.000000000000000000000000000000000000000000000000000000000000000000000000000000000000000000000000000000000000000000000000000000000000000000000000000000000000000000000000000000000000000000000000000000000000000000000000000000000000000000000000000000000000000000000000000000000000000000000000000000000001, cutoff_from_evalue=2668, gap_trigger=46, final_cutoff_score=46
[DEBUG] Effective search space for context (q_frame=-3, s_frame=-3): effective_query_len=205085.0, effective_db_len=220581.0, effective_space=45237854385.0, length_adj=121
[DEBUG] Cutoff score for context (q_frame=-3, s_frame=-3): cutoff_e=0.000000000000000000000000000000000000000000000000000000000000000000000000000000000000000000000000000000000000000000000000000000000000000000000000000000000000000000000000000000000000000000000000000000000000000000000000000000000000000000000000000000000000000000000000000000000000000000000000000000000001, cutoff_from_evalue=2668, gap_trigger=46, final_cutoff_score=46

=== TBLASTX Pipeline Diagnostics ===
Seed Stage:
  K-mer matches found:        60711343
  Seeds filtered (low score): 17815287
  Seeds filtered (two-hit):   0
  Seed distribution (two-hit analysis):
    First seed on diagonal:    9306406
    Second seed (in window):   58499
    Second seed (too far):     31990178
    Second seed (overlapping): 7144
  Seeds passed to extension:  41362227
Ungapped Extension Stage:
  Total extensions:           41362227
  One-hit extensions (left-only): 41303728
  Two-hit extensions (left+right): 58499
  Filtered (low score < 0):  0
Ungapped-Only Hits (skipped gapped extension):
  Total ungapped-only:        41362227
  Filtered (cutoff_score):     38036770
  E-value passed:             11563
  E-value failed:             3313894
Gapped Extension Stage:
  Gapped extensions run:      0
  Gapped hits (e-value ok):   0
Post-Processing Stage:
  HSPs before chaining:       11563
  Clusters (single HSP):      0
  Clusters (merged):          0
  HSPs in merged clusters:    0
  HSPs after chaining:        11563
  HSPs culled (dominated):    0
  Final hits (after filter):  11563
Output Source:
  From ungapped extension:    11563
  From gapped extension:      0
====================================


real	0m10.932s
user	0m10.594s
sys	0m0.120s
