Reading queries...
Building lookup table...
Reading subject file...
Searching 1 Queries vs 1 Subjects...
[DEBUG] Effective search space for context (q_frame=1, s_frame=1): effective_query_len=218911.0, effective_db_len=218911.0, effective_space=47922025921.0, length_adj=122
[DEBUG] Cutoff score for context (q_frame=1, s_frame=1): cutoff_e=0.000000000000000000000000000000000000000000000000000000000000000000000000000000000000000000000000000000000000000000000000000000000000000000000000000000000000000000000000000000000000000000000000000000000000000000000000000000000000000000000000000000000000000000000000000000000000000000000000000000000001, cutoff_from_evalue=2668, gap_trigger=46, final_cutoff_score=46
[DEBUG] Effective search space for context (q_frame=2, s_frame=1): effective_query_len=218911.0, effective_db_len=218911.0, effective_space=47922025921.0, length_adj=122
[DEBUG] Cutoff score for context (q_frame=2, s_frame=1): cutoff_e=0.000000000000000000000000000000000000000000000000000000000000000000000000000000000000000000000000000000000000000000000000000000000000000000000000000000000000000000000000000000000000000000000000000000000000000000000000000000000000000000000000000000000000000000000000000000000000000000000000000000000001, cutoff_from_evalue=2668, gap_trigger=46, final_cutoff_score=46
[DEBUG] Effective search space for context (q_frame=3, s_frame=1): effective_query_len=218911.0, effective_db_len=218911.0, effective_space=47922025921.0, length_adj=122
[DEBUG] Cutoff score for context (q_frame=3, s_frame=1): cutoff_e=0.000000000000000000000000000000000000000000000000000000000000000000000000000000000000000000000000000000000000000000000000000000000000000000000000000000000000000000000000000000000000000000000000000000000000000000000000000000000000000000000000000000000000000000000000000000000000000000000000000000000001, cutoff_from_evalue=2668, gap_trigger=46, final_cutoff_score=46
[DEBUG] Effective search space for context (q_frame=-1, s_frame=1): effective_query_len=218911.0, effective_db_len=218911.0, effective_space=47922025921.0, length_adj=122
[DEBUG] Cutoff score for context (q_frame=-1, s_frame=1): cutoff_e=0.000000000000000000000000000000000000000000000000000000000000000000000000000000000000000000000000000000000000000000000000000000000000000000000000000000000000000000000000000000000000000000000000000000000000000000000000000000000000000000000000000000000000000000000000000000000000000000000000000000000001, cutoff_from_evalue=2668, gap_trigger=46, final_cutoff_score=46
[DEBUG] Effective search space for context (q_frame=-2, s_frame=1): effective_query_len=218911.0, effective_db_len=218911.0, effective_space=47922025921.0, length_adj=122
[DEBUG] Cutoff score for context (q_frame=-2, s_frame=1): cutoff_e=0.000000000000000000000000000000000000000000000000000000000000000000000000000000000000000000000000000000000000000000000000000000000000000000000000000000000000000000000000000000000000000000000000000000000000000000000000000000000000000000000000000000000000000000000000000000000000000000000000000000000001, cutoff_from_evalue=2668, gap_trigger=46, final_cutoff_score=46
[DEBUG] Effective search space for context (q_frame=-3, s_frame=1): effective_query_len=218911.0, effective_db_len=218911.0, effective_space=47922025921.0, length_adj=122
[DEBUG] Cutoff score for context (q_frame=-3, s_frame=1): cutoff_e=0.000000000000000000000000000000000000000000000000000000000000000000000000000000000000000000000000000000000000000000000000000000000000000000000000000000000000000000000000000000000000000000000000000000000000000000000000000000000000000000000000000000000000000000000000000000000000000000000000000000000001, cutoff_from_evalue=2668, gap_trigger=46, final_cutoff_score=46
[DEBUG] Effective search space for context (q_frame=1, s_frame=2): effective_query_len=218911.0, effective_db_len=218911.0, effective_space=47922025921.0, length_adj=122
[DEBUG] Cutoff score for context (q_frame=1, s_frame=2): cutoff_e=0.000000000000000000000000000000000000000000000000000000000000000000000000000000000000000000000000000000000000000000000000000000000000000000000000000000000000000000000000000000000000000000000000000000000000000000000000000000000000000000000000000000000000000000000000000000000000000000000000000000000001, cutoff_from_evalue=2668, gap_trigger=46, final_cutoff_score=46
[DEBUG] Effective search space for context (q_frame=2, s_frame=2): effective_query_len=218911.0, effective_db_len=218911.0, effective_space=47922025921.0, length_adj=122
[DEBUG] Cutoff score for context (q_frame=2, s_frame=2): cutoff_e=0.000000000000000000000000000000000000000000000000000000000000000000000000000000000000000000000000000000000000000000000000000000000000000000000000000000000000000000000000000000000000000000000000000000000000000000000000000000000000000000000000000000000000000000000000000000000000000000000000000000000001, cutoff_from_evalue=2668, gap_trigger=46, final_cutoff_score=46
[DEBUG] Effective search space for context (q_frame=3, s_frame=2): effective_query_len=218911.0, effective_db_len=218911.0, effective_space=47922025921.0, length_adj=122
[DEBUG] Cutoff score for context (q_frame=3, s_frame=2): cutoff_e=0.000000000000000000000000000000000000000000000000000000000000000000000000000000000000000000000000000000000000000000000000000000000000000000000000000000000000000000000000000000000000000000000000000000000000000000000000000000000000000000000000000000000000000000000000000000000000000000000000000000000001, cutoff_from_evalue=2668, gap_trigger=46, final_cutoff_score=46
[DEBUG] Effective search space for context (q_frame=-1, s_frame=2): effective_query_len=218911.0, effective_db_len=218911.0, effective_space=47922025921.0, length_adj=122
[DEBUG] Cutoff score for context (q_frame=-1, s_frame=2): cutoff_e=0.000000000000000000000000000000000000000000000000000000000000000000000000000000000000000000000000000000000000000000000000000000000000000000000000000000000000000000000000000000000000000000000000000000000000000000000000000000000000000000000000000000000000000000000000000000000000000000000000000000000001, cutoff_from_evalue=2668, gap_trigger=46, final_cutoff_score=46
[DEBUG] Effective search space for context (q_frame=-2, s_frame=2): effective_query_len=218911.0, effective_db_len=218911.0, effective_space=47922025921.0, length_adj=122
[DEBUG] Cutoff score for context (q_frame=-2, s_frame=2): cutoff_e=0.000000000000000000000000000000000000000000000000000000000000000000000000000000000000000000000000000000000000000000000000000000000000000000000000000000000000000000000000000000000000000000000000000000000000000000000000000000000000000000000000000000000000000000000000000000000000000000000000000000000001, cutoff_from_evalue=2668, gap_trigger=46, final_cutoff_score=46
[DEBUG] Effective search space for context (q_frame=-3, s_frame=2): effective_query_len=218911.0, effective_db_len=218911.0, effective_space=47922025921.0, length_adj=122
[DEBUG] Cutoff score for context (q_frame=-3, s_frame=2): cutoff_e=0.000000000000000000000000000000000000000000000000000000000000000000000000000000000000000000000000000000000000000000000000000000000000000000000000000000000000000000000000000000000000000000000000000000000000000000000000000000000000000000000000000000000000000000000000000000000000000000000000000000000001, cutoff_from_evalue=2668, gap_trigger=46, final_cutoff_score=46
[DEBUG] Effective search space for context (q_frame=1, s_frame=3): effective_query_len=218911.0, effective_db_len=218911.0, effective_space=47922025921.0, length_adj=122
[DEBUG] Cutoff score for context (q_frame=1, s_frame=3): cutoff_e=0.000000000000000000000000000000000000000000000000000000000000000000000000000000000000000000000000000000000000000000000000000000000000000000000000000000000000000000000000000000000000000000000000000000000000000000000000000000000000000000000000000000000000000000000000000000000000000000000000000000000001, cutoff_from_evalue=2668, gap_trigger=46, final_cutoff_score=46
[DEBUG] Effective search space for context (q_frame=2, s_frame=3): effective_query_len=218911.0, effective_db_len=218911.0, effective_space=47922025921.0, length_adj=122
[DEBUG] Cutoff score for context (q_frame=2, s_frame=3): cutoff_e=0.000000000000000000000000000000000000000000000000000000000000000000000000000000000000000000000000000000000000000000000000000000000000000000000000000000000000000000000000000000000000000000000000000000000000000000000000000000000000000000000000000000000000000000000000000000000000000000000000000000000001, cutoff_from_evalue=2668, gap_trigger=46, final_cutoff_score=46
[DEBUG] Effective search space for context (q_frame=3, s_frame=3): effective_query_len=218911.0, effective_db_len=218911.0, effective_space=47922025921.0, length_adj=122
[DEBUG] Cutoff score for context (q_frame=3, s_frame=3): cutoff_e=0.000000000000000000000000000000000000000000000000000000000000000000000000000000000000000000000000000000000000000000000000000000000000000000000000000000000000000000000000000000000000000000000000000000000000000000000000000000000000000000000000000000000000000000000000000000000000000000000000000000000001, cutoff_from_evalue=2668, gap_trigger=46, final_cutoff_score=46
[DEBUG] Effective search space for context (q_frame=-1, s_frame=3): effective_query_len=218911.0, effective_db_len=218911.0, effective_space=47922025921.0, length_adj=122
[DEBUG] Cutoff score for context (q_frame=-1, s_frame=3): cutoff_e=0.000000000000000000000000000000000000000000000000000000000000000000000000000000000000000000000000000000000000000000000000000000000000000000000000000000000000000000000000000000000000000000000000000000000000000000000000000000000000000000000000000000000000000000000000000000000000000000000000000000000001, cutoff_from_evalue=2668, gap_trigger=46, final_cutoff_score=46
[DEBUG] Effective search space for context (q_frame=-2, s_frame=3): effective_query_len=218911.0, effective_db_len=218911.0, effective_space=47922025921.0, length_adj=122
[DEBUG] Cutoff score for context (q_frame=-2, s_frame=3): cutoff_e=0.000000000000000000000000000000000000000000000000000000000000000000000000000000000000000000000000000000000000000000000000000000000000000000000000000000000000000000000000000000000000000000000000000000000000000000000000000000000000000000000000000000000000000000000000000000000000000000000000000000000001, cutoff_from_evalue=2668, gap_trigger=46, final_cutoff_score=46
[DEBUG] Effective search space for context (q_frame=-3, s_frame=3): effective_query_len=218911.0, effective_db_len=218911.0, effective_space=47922025921.0, length_adj=122
[DEBUG] Cutoff score for context (q_frame=-3, s_frame=3): cutoff_e=0.000000000000000000000000000000000000000000000000000000000000000000000000000000000000000000000000000000000000000000000000000000000000000000000000000000000000000000000000000000000000000000000000000000000000000000000000000000000000000000000000000000000000000000000000000000000000000000000000000000000001, cutoff_from_evalue=2668, gap_trigger=46, final_cutoff_score=46
[DEBUG] Effective search space for context (q_frame=1, s_frame=-1): effective_query_len=218911.0, effective_db_len=218911.0, effective_space=47922025921.0, length_adj=122
[DEBUG] Cutoff score for context (q_frame=1, s_frame=-1): cutoff_e=0.000000000000000000000000000000000000000000000000000000000000000000000000000000000000000000000000000000000000000000000000000000000000000000000000000000000000000000000000000000000000000000000000000000000000000000000000000000000000000000000000000000000000000000000000000000000000000000000000000000000001, cutoff_from_evalue=2668, gap_trigger=46, final_cutoff_score=46
[DEBUG] Effective search space for context (q_frame=2, s_frame=-1): effective_query_len=218911.0, effective_db_len=218911.0, effective_space=47922025921.0, length_adj=122
[DEBUG] Cutoff score for context (q_frame=2, s_frame=-1): cutoff_e=0.000000000000000000000000000000000000000000000000000000000000000000000000000000000000000000000000000000000000000000000000000000000000000000000000000000000000000000000000000000000000000000000000000000000000000000000000000000000000000000000000000000000000000000000000000000000000000000000000000000000001, cutoff_from_evalue=2668, gap_trigger=46, final_cutoff_score=46
[DEBUG] Effective search space for context (q_frame=3, s_frame=-1): effective_query_len=218911.0, effective_db_len=218911.0, effective_space=47922025921.0, length_adj=122
[DEBUG] Cutoff score for context (q_frame=3, s_frame=-1): cutoff_e=0.000000000000000000000000000000000000000000000000000000000000000000000000000000000000000000000000000000000000000000000000000000000000000000000000000000000000000000000000000000000000000000000000000000000000000000000000000000000000000000000000000000000000000000000000000000000000000000000000000000000001, cutoff_from_evalue=2668, gap_trigger=46, final_cutoff_score=46
[DEBUG] Effective search space for context (q_frame=-1, s_frame=-1): effective_query_len=218911.0, effective_db_len=218911.0, effective_space=47922025921.0, length_adj=122
[DEBUG] Cutoff score for context (q_frame=-1, s_frame=-1): cutoff_e=0.000000000000000000000000000000000000000000000000000000000000000000000000000000000000000000000000000000000000000000000000000000000000000000000000000000000000000000000000000000000000000000000000000000000000000000000000000000000000000000000000000000000000000000000000000000000000000000000000000000000001, cutoff_from_evalue=2668, gap_trigger=46, final_cutoff_score=46
[DEBUG] Effective search space for context (q_frame=-2, s_frame=-1): effective_query_len=218911.0, effective_db_len=218911.0, effective_space=47922025921.0, length_adj=122
[DEBUG] Cutoff score for context (q_frame=-2, s_frame=-1): cutoff_e=0.000000000000000000000000000000000000000000000000000000000000000000000000000000000000000000000000000000000000000000000000000000000000000000000000000000000000000000000000000000000000000000000000000000000000000000000000000000000000000000000000000000000000000000000000000000000000000000000000000000000001, cutoff_from_evalue=2668, gap_trigger=46, final_cutoff_score=46
[DEBUG] Effective search space for context (q_frame=-3, s_frame=-1): effective_query_len=218911.0, effective_db_len=218911.0, effective_space=47922025921.0, length_adj=122
[DEBUG] Cutoff score for context (q_frame=-3, s_frame=-1): cutoff_e=0.000000000000000000000000000000000000000000000000000000000000000000000000000000000000000000000000000000000000000000000000000000000000000000000000000000000000000000000000000000000000000000000000000000000000000000000000000000000000000000000000000000000000000000000000000000000000000000000000000000000001, cutoff_from_evalue=2668, gap_trigger=46, final_cutoff_score=46
[DEBUG] Effective search space for context (q_frame=1, s_frame=-2): effective_query_len=218911.0, effective_db_len=218911.0, effective_space=47922025921.0, length_adj=122
[DEBUG] Cutoff score for context (q_frame=1, s_frame=-2): cutoff_e=0.000000000000000000000000000000000000000000000000000000000000000000000000000000000000000000000000000000000000000000000000000000000000000000000000000000000000000000000000000000000000000000000000000000000000000000000000000000000000000000000000000000000000000000000000000000000000000000000000000000000001, cutoff_from_evalue=2668, gap_trigger=46, final_cutoff_score=46
[DEBUG] Effective search space for context (q_frame=2, s_frame=-2): effective_query_len=218911.0, effective_db_len=218911.0, effective_space=47922025921.0, length_adj=122
[DEBUG] Cutoff score for context (q_frame=2, s_frame=-2): cutoff_e=0.000000000000000000000000000000000000000000000000000000000000000000000000000000000000000000000000000000000000000000000000000000000000000000000000000000000000000000000000000000000000000000000000000000000000000000000000000000000000000000000000000000000000000000000000000000000000000000000000000000000001, cutoff_from_evalue=2668, gap_trigger=46, final_cutoff_score=46
[DEBUG] Effective search space for context (q_frame=3, s_frame=-2): effective_query_len=218911.0, effective_db_len=218911.0, effective_space=47922025921.0, length_adj=122
[DEBUG] Cutoff score for context (q_frame=3, s_frame=-2): cutoff_e=0.000000000000000000000000000000000000000000000000000000000000000000000000000000000000000000000000000000000000000000000000000000000000000000000000000000000000000000000000000000000000000000000000000000000000000000000000000000000000000000000000000000000000000000000000000000000000000000000000000000000001, cutoff_from_evalue=2668, gap_trigger=46, final_cutoff_score=46
[DEBUG] Effective search space for context (q_frame=-1, s_frame=-2): effective_query_len=218911.0, effective_db_len=218911.0, effective_space=47922025921.0, length_adj=122
[DEBUG] Cutoff score for context (q_frame=-1, s_frame=-2): cutoff_e=0.000000000000000000000000000000000000000000000000000000000000000000000000000000000000000000000000000000000000000000000000000000000000000000000000000000000000000000000000000000000000000000000000000000000000000000000000000000000000000000000000000000000000000000000000000000000000000000000000000000000001, cutoff_from_evalue=2668, gap_trigger=46, final_cutoff_score=46
[DEBUG] Effective search space for context (q_frame=-2, s_frame=-2): effective_query_len=218911.0, effective_db_len=218911.0, effective_space=47922025921.0, length_adj=122
[DEBUG] Cutoff score for context (q_frame=-2, s_frame=-2): cutoff_e=0.000000000000000000000000000000000000000000000000000000000000000000000000000000000000000000000000000000000000000000000000000000000000000000000000000000000000000000000000000000000000000000000000000000000000000000000000000000000000000000000000000000000000000000000000000000000000000000000000000000000001, cutoff_from_evalue=2668, gap_trigger=46, final_cutoff_score=46
[DEBUG] Effective search space for context (q_frame=-3, s_frame=-2): effective_query_len=218911.0, effective_db_len=218911.0, effective_space=47922025921.0, length_adj=122
[DEBUG] Cutoff score for context (q_frame=-3, s_frame=-2): cutoff_e=0.000000000000000000000000000000000000000000000000000000000000000000000000000000000000000000000000000000000000000000000000000000000000000000000000000000000000000000000000000000000000000000000000000000000000000000000000000000000000000000000000000000000000000000000000000000000000000000000000000000000001, cutoff_from_evalue=2668, gap_trigger=46, final_cutoff_score=46
[DEBUG] Effective search space for context (q_frame=1, s_frame=-3): effective_query_len=218911.0, effective_db_len=218911.0, effective_space=47922025921.0, length_adj=122
[DEBUG] Cutoff score for context (q_frame=1, s_frame=-3): cutoff_e=0.000000000000000000000000000000000000000000000000000000000000000000000000000000000000000000000000000000000000000000000000000000000000000000000000000000000000000000000000000000000000000000000000000000000000000000000000000000000000000000000000000000000000000000000000000000000000000000000000000000000001, cutoff_from_evalue=2668, gap_trigger=46, final_cutoff_score=46
[DEBUG] Effective search space for context (q_frame=2, s_frame=-3): effective_query_len=218911.0, effective_db_len=218911.0, effective_space=47922025921.0, length_adj=122
[DEBUG] Cutoff score for context (q_frame=2, s_frame=-3): cutoff_e=0.000000000000000000000000000000000000000000000000000000000000000000000000000000000000000000000000000000000000000000000000000000000000000000000000000000000000000000000000000000000000000000000000000000000000000000000000000000000000000000000000000000000000000000000000000000000000000000000000000000000001, cutoff_from_evalue=2668, gap_trigger=46, final_cutoff_score=46
[DEBUG] Effective search space for context (q_frame=3, s_frame=-3): effective_query_len=218911.0, effective_db_len=218911.0, effective_space=47922025921.0, length_adj=122
[DEBUG] Cutoff score for context (q_frame=3, s_frame=-3): cutoff_e=0.000000000000000000000000000000000000000000000000000000000000000000000000000000000000000000000000000000000000000000000000000000000000000000000000000000000000000000000000000000000000000000000000000000000000000000000000000000000000000000000000000000000000000000000000000000000000000000000000000000000001, cutoff_from_evalue=2668, gap_trigger=46, final_cutoff_score=46
[DEBUG] Effective search space for context (q_frame=-1, s_frame=-3): effective_query_len=218911.0, effective_db_len=218911.0, effective_space=47922025921.0, length_adj=122
[DEBUG] Cutoff score for context (q_frame=-1, s_frame=-3): cutoff_e=0.000000000000000000000000000000000000000000000000000000000000000000000000000000000000000000000000000000000000000000000000000000000000000000000000000000000000000000000000000000000000000000000000000000000000000000000000000000000000000000000000000000000000000000000000000000000000000000000000000000000001, cutoff_from_evalue=2668, gap_trigger=46, final_cutoff_score=46
[DEBUG] Effective search space for context (q_frame=-2, s_frame=-3): effective_query_len=218911.0, effective_db_len=218911.0, effective_space=47922025921.0, length_adj=122
[DEBUG] Cutoff score for context (q_frame=-2, s_frame=-3): cutoff_e=0.000000000000000000000000000000000000000000000000000000000000000000000000000000000000000000000000000000000000000000000000000000000000000000000000000000000000000000000000000000000000000000000000000000000000000000000000000000000000000000000000000000000000000000000000000000000000000000000000000000000001, cutoff_from_evalue=2668, gap_trigger=46, final_cutoff_score=46
[DEBUG] Effective search space for context (q_frame=-3, s_frame=-3): effective_query_len=218911.0, effective_db_len=218911.0, effective_space=47922025921.0, length_adj=122
[DEBUG] Cutoff score for context (q_frame=-3, s_frame=-3): cutoff_e=0.000000000000000000000000000000000000000000000000000000000000000000000000000000000000000000000000000000000000000000000000000000000000000000000000000000000000000000000000000000000000000000000000000000000000000000000000000000000000000000000000000000000000000000000000000000000000000000000000000000000001, cutoff_from_evalue=2668, gap_trigger=46, final_cutoff_score=46

=== TBLASTX Pipeline Diagnostics ===
Seed Stage:
  K-mer matches found:        59779839
  Seeds filtered (low score): 16611751
  Seeds filtered (two-hit):   0
  Seed distribution (two-hit analysis):
    First seed on diagonal:    9291592
    Second seed (in window):   70740
    Second seed (too far):     31598192
    Second seed (overlapping): 15532
  Seeds passed to extension:  40976056
Ungapped Extension Stage:
  Total extensions:           40976056
  One-hit extensions (left-only): 40905316
  Two-hit extensions (left+right): 70740
  Filtered (low score < 0):  0
Ungapped-Only Hits (skipped gapped extension):
  Total ungapped-only:        40976056
  Filtered (cutoff_score):     37547483
  E-value passed:             32865
  E-value failed:             3395708
Gapped Extension Stage:
  Gapped extensions run:      0
  Gapped hits (e-value ok):   0
Post-Processing Stage:
  HSPs before chaining:       32865
  Clusters (single HSP):      0
  Clusters (merged):          0
  HSPs in merged clusters:    0
  HSPs after chaining:        32865
  HSPs culled (dominated):    0
  Final hits (after filter):  32865
Output Source:
  From ungapped extension:    32865
  From gapped extension:      0
====================================


real	0m11.273s
user	0m10.935s
sys	0m0.120s
