Reading queries...
Building lookup table...
Reading subject file...
Searching 1 Queries vs 1 Subjects...
[DEBUG] Effective search space for context (q_frame=1, s_frame=1): effective_query_len=218911.0, effective_db_len=218911.0, effective_space=47922025921.0, length_adj=122
[DEBUG] Cutoff score for context (q_frame=1, s_frame=1): cutoff_e=0.000000000000000000000000000000000000000000000000000000000000000000000000000000000000000000000000000000000000000000000000000000000000000000000000000000000000000000000000000000000000000000000000000000000000000000000000000000000000000000000000000000000000000000000000000000000000000000000000000000000001, cutoff_from_evalue=2668, gap_trigger=46, scale_factor=1, cutoff_score_max=46, cutoff_before_max=46, final_cutoff_score=46, limiting_factor=gap_trigger
[DEBUG] Effective search space for context (q_frame=3, s_frame=1): effective_query_len=218911.0, effective_db_len=218911.0, effective_space=47922025921.0, length_adj=122
[DEBUG] Cutoff score for context (q_frame=3, s_frame=1): cutoff_e=0.000000000000000000000000000000000000000000000000000000000000000000000000000000000000000000000000000000000000000000000000000000000000000000000000000000000000000000000000000000000000000000000000000000000000000000000000000000000000000000000000000000000000000000000000000000000000000000000000000000000001, cutoff_from_evalue=2668, gap_trigger=46, scale_factor=1, cutoff_score_max=46, cutoff_before_max=46, final_cutoff_score=46, limiting_factor=gap_trigger
[DEBUG] Effective search space for context (q_frame=-2, s_frame=1): effective_query_len=218911.0, effective_db_len=218911.0, effective_space=47922025921.0, length_adj=122
[DEBUG] Cutoff score for context (q_frame=-2, s_frame=1): cutoff_e=0.000000000000000000000000000000000000000000000000000000000000000000000000000000000000000000000000000000000000000000000000000000000000000000000000000000000000000000000000000000000000000000000000000000000000000000000000000000000000000000000000000000000000000000000000000000000000000000000000000000000001, cutoff_from_evalue=2668, gap_trigger=46, scale_factor=1, cutoff_score_max=46, cutoff_before_max=46, final_cutoff_score=46, limiting_factor=gap_trigger
[DEBUG] Effective search space for context (q_frame=-1, s_frame=1): effective_query_len=218911.0, effective_db_len=218911.0, effective_space=47922025921.0, length_adj=122
[DEBUG] Cutoff score for context (q_frame=-1, s_frame=1): cutoff_e=0.000000000000000000000000000000000000000000000000000000000000000000000000000000000000000000000000000000000000000000000000000000000000000000000000000000000000000000000000000000000000000000000000000000000000000000000000000000000000000000000000000000000000000000000000000000000000000000000000000000000001, cutoff_from_evalue=2668, gap_trigger=46, scale_factor=1, cutoff_score_max=46, cutoff_before_max=46, final_cutoff_score=46, limiting_factor=gap_trigger
[DEBUG] Effective search space for context (q_frame=-3, s_frame=1): effective_query_len=218911.0, effective_db_len=218911.0, effective_space=47922025921.0, length_adj=122
[DEBUG] Cutoff score for context (q_frame=-3, s_frame=1): cutoff_e=0.000000000000000000000000000000000000000000000000000000000000000000000000000000000000000000000000000000000000000000000000000000000000000000000000000000000000000000000000000000000000000000000000000000000000000000000000000000000000000000000000000000000000000000000000000000000000000000000000000000000001, cutoff_from_evalue=2668, gap_trigger=46, scale_factor=1, cutoff_score_max=46, cutoff_before_max=46, final_cutoff_score=46, limiting_factor=gap_trigger
[DEBUG] Effective search space for context (q_frame=2, s_frame=1): effective_query_len=218911.0, effective_db_len=218911.0, effective_space=47922025921.0, length_adj=122
[DEBUG] Cutoff score for context (q_frame=2, s_frame=1): cutoff_e=0.000000000000000000000000000000000000000000000000000000000000000000000000000000000000000000000000000000000000000000000000000000000000000000000000000000000000000000000000000000000000000000000000000000000000000000000000000000000000000000000000000000000000000000000000000000000000000000000000000000000001, cutoff_from_evalue=2668, gap_trigger=46, scale_factor=1, cutoff_score_max=46, cutoff_before_max=46, final_cutoff_score=46, limiting_factor=gap_trigger
[DEBUG] Effective search space for context (q_frame=2, s_frame=2): effective_query_len=218911.0, effective_db_len=218911.0, effective_space=47922025921.0, length_adj=122
[DEBUG] Cutoff score for context (q_frame=2, s_frame=2): cutoff_e=0.000000000000000000000000000000000000000000000000000000000000000000000000000000000000000000000000000000000000000000000000000000000000000000000000000000000000000000000000000000000000000000000000000000000000000000000000000000000000000000000000000000000000000000000000000000000000000000000000000000000001, cutoff_from_evalue=2668, gap_trigger=46, scale_factor=1, cutoff_score_max=46, cutoff_before_max=46, final_cutoff_score=46, limiting_factor=gap_trigger
[DEBUG] Effective search space for context (q_frame=1, s_frame=2): effective_query_len=218911.0, effective_db_len=218911.0, effective_space=47922025921.0, length_adj=122
[DEBUG] Cutoff score for context (q_frame=1, s_frame=2): cutoff_e=0.000000000000000000000000000000000000000000000000000000000000000000000000000000000000000000000000000000000000000000000000000000000000000000000000000000000000000000000000000000000000000000000000000000000000000000000000000000000000000000000000000000000000000000000000000000000000000000000000000000000001, cutoff_from_evalue=2668, gap_trigger=46, scale_factor=1, cutoff_score_max=46, cutoff_before_max=46, final_cutoff_score=46, limiting_factor=gap_trigger
[DEBUG] Effective search space for context (q_frame=-2, s_frame=2): effective_query_len=218911.0, effective_db_len=218911.0, effective_space=47922025921.0, length_adj=122
[DEBUG] Cutoff score for context (q_frame=-2, s_frame=2): cutoff_e=0.000000000000000000000000000000000000000000000000000000000000000000000000000000000000000000000000000000000000000000000000000000000000000000000000000000000000000000000000000000000000000000000000000000000000000000000000000000000000000000000000000000000000000000000000000000000000000000000000000000000001, cutoff_from_evalue=2668, gap_trigger=46, scale_factor=1, cutoff_score_max=46, cutoff_before_max=46, final_cutoff_score=46, limiting_factor=gap_trigger
[DEBUG] Effective search space for context (q_frame=-3, s_frame=2): effective_query_len=218911.0, effective_db_len=218911.0, effective_space=47922025921.0, length_adj=122
[DEBUG] Cutoff score for context (q_frame=-3, s_frame=2): cutoff_e=0.000000000000000000000000000000000000000000000000000000000000000000000000000000000000000000000000000000000000000000000000000000000000000000000000000000000000000000000000000000000000000000000000000000000000000000000000000000000000000000000000000000000000000000000000000000000000000000000000000000000001, cutoff_from_evalue=2668, gap_trigger=46, scale_factor=1, cutoff_score_max=46, cutoff_before_max=46, final_cutoff_score=46, limiting_factor=gap_trigger
[DEBUG] Effective search space for context (q_frame=3, s_frame=2): effective_query_len=218911.0, effective_db_len=218911.0, effective_space=47922025921.0, length_adj=122
[DEBUG] Cutoff score for context (q_frame=3, s_frame=2): cutoff_e=0.000000000000000000000000000000000000000000000000000000000000000000000000000000000000000000000000000000000000000000000000000000000000000000000000000000000000000000000000000000000000000000000000000000000000000000000000000000000000000000000000000000000000000000000000000000000000000000000000000000000001, cutoff_from_evalue=2668, gap_trigger=46, scale_factor=1, cutoff_score_max=46, cutoff_before_max=46, final_cutoff_score=46, limiting_factor=gap_trigger
[DEBUG] Effective search space for context (q_frame=-1, s_frame=2): effective_query_len=218911.0, effective_db_len=218911.0, effective_space=47922025921.0, length_adj=122
[DEBUG] Cutoff score for context (q_frame=-1, s_frame=2): cutoff_e=0.000000000000000000000000000000000000000000000000000000000000000000000000000000000000000000000000000000000000000000000000000000000000000000000000000000000000000000000000000000000000000000000000000000000000000000000000000000000000000000000000000000000000000000000000000000000000000000000000000000000001, cutoff_from_evalue=2668, gap_trigger=46, scale_factor=1, cutoff_score_max=46, cutoff_before_max=46, final_cutoff_score=46, limiting_factor=gap_trigger
[DEBUG] Effective search space for context (q_frame=3, s_frame=3): effective_query_len=218911.0, effective_db_len=218911.0, effective_space=47922025921.0, length_adj=122
[DEBUG] Cutoff score for context (q_frame=3, s_frame=3): cutoff_e=0.000000000000000000000000000000000000000000000000000000000000000000000000000000000000000000000000000000000000000000000000000000000000000000000000000000000000000000000000000000000000000000000000000000000000000000000000000000000000000000000000000000000000000000000000000000000000000000000000000000000001, cutoff_from_evalue=2668, gap_trigger=46, scale_factor=1, cutoff_score_max=46, cutoff_before_max=46, final_cutoff_score=46, limiting_factor=gap_trigger
[DEBUG] Effective search space for context (q_frame=2, s_frame=3): effective_query_len=218911.0, effective_db_len=218911.0, effective_space=47922025921.0, length_adj=122
[DEBUG] Cutoff score for context (q_frame=2, s_frame=3): cutoff_e=0.000000000000000000000000000000000000000000000000000000000000000000000000000000000000000000000000000000000000000000000000000000000000000000000000000000000000000000000000000000000000000000000000000000000000000000000000000000000000000000000000000000000000000000000000000000000000000000000000000000000001, cutoff_from_evalue=2668, gap_trigger=46, scale_factor=1, cutoff_score_max=46, cutoff_before_max=46, final_cutoff_score=46, limiting_factor=gap_trigger
[DEBUG] Effective search space for context (q_frame=-3, s_frame=3): effective_query_len=218911.0, effective_db_len=218911.0, effective_space=47922025921.0, length_adj=122
[DEBUG] Cutoff score for context (q_frame=-3, s_frame=3): cutoff_e=0.000000000000000000000000000000000000000000000000000000000000000000000000000000000000000000000000000000000000000000000000000000000000000000000000000000000000000000000000000000000000000000000000000000000000000000000000000000000000000000000000000000000000000000000000000000000000000000000000000000000001, cutoff_from_evalue=2668, gap_trigger=46, scale_factor=1, cutoff_score_max=46, cutoff_before_max=46, final_cutoff_score=46, limiting_factor=gap_trigger
[DEBUG] Effective search space for context (q_frame=1, s_frame=3): effective_query_len=218911.0, effective_db_len=218911.0, effective_space=47922025921.0, length_adj=122
[DEBUG] Cutoff score for context (q_frame=1, s_frame=3): cutoff_e=0.000000000000000000000000000000000000000000000000000000000000000000000000000000000000000000000000000000000000000000000000000000000000000000000000000000000000000000000000000000000000000000000000000000000000000000000000000000000000000000000000000000000000000000000000000000000000000000000000000000000001, cutoff_from_evalue=2668, gap_trigger=46, scale_factor=1, cutoff_score_max=46, cutoff_before_max=46, final_cutoff_score=46, limiting_factor=gap_trigger
[DEBUG] Effective search space for context (q_frame=-2, s_frame=3): effective_query_len=218911.0, effective_db_len=218911.0, effective_space=47922025921.0, length_adj=122
[DEBUG] Cutoff score for context (q_frame=-2, s_frame=3): cutoff_e=0.000000000000000000000000000000000000000000000000000000000000000000000000000000000000000000000000000000000000000000000000000000000000000000000000000000000000000000000000000000000000000000000000000000000000000000000000000000000000000000000000000000000000000000000000000000000000000000000000000000000001, cutoff_from_evalue=2668, gap_trigger=46, scale_factor=1, cutoff_score_max=46, cutoff_before_max=46, final_cutoff_score=46, limiting_factor=gap_trigger
[DEBUG] Effective search space for context (q_frame=-1, s_frame=3): effective_query_len=218911.0, effective_db_len=218911.0, effective_space=47922025921.0, length_adj=122
[DEBUG] Cutoff score for context (q_frame=-1, s_frame=3): cutoff_e=0.000000000000000000000000000000000000000000000000000000000000000000000000000000000000000000000000000000000000000000000000000000000000000000000000000000000000000000000000000000000000000000000000000000000000000000000000000000000000000000000000000000000000000000000000000000000000000000000000000000000001, cutoff_from_evalue=2668, gap_trigger=46, scale_factor=1, cutoff_score_max=46, cutoff_before_max=46, final_cutoff_score=46, limiting_factor=gap_trigger
[DEBUG] Effective search space for context (q_frame=-1, s_frame=-1): effective_query_len=218911.0, effective_db_len=218911.0, effective_space=47922025921.0, length_adj=122
[DEBUG] Cutoff score for context (q_frame=-1, s_frame=-1): cutoff_e=0.000000000000000000000000000000000000000000000000000000000000000000000000000000000000000000000000000000000000000000000000000000000000000000000000000000000000000000000000000000000000000000000000000000000000000000000000000000000000000000000000000000000000000000000000000000000000000000000000000000000001, cutoff_from_evalue=2668, gap_trigger=46, scale_factor=1, cutoff_score_max=46, cutoff_before_max=46, final_cutoff_score=46, limiting_factor=gap_trigger
[DEBUG] Effective search space for context (q_frame=1, s_frame=-1): effective_query_len=218911.0, effective_db_len=218911.0, effective_space=47922025921.0, length_adj=122
[DEBUG] Cutoff score for context (q_frame=1, s_frame=-1): cutoff_e=0.000000000000000000000000000000000000000000000000000000000000000000000000000000000000000000000000000000000000000000000000000000000000000000000000000000000000000000000000000000000000000000000000000000000000000000000000000000000000000000000000000000000000000000000000000000000000000000000000000000000001, cutoff_from_evalue=2668, gap_trigger=46, scale_factor=1, cutoff_score_max=46, cutoff_before_max=46, final_cutoff_score=46, limiting_factor=gap_trigger
[DEBUG] Effective search space for context (q_frame=2, s_frame=-1): effective_query_len=218911.0, effective_db_len=218911.0, effective_space=47922025921.0, length_adj=122
[DEBUG] Cutoff score for context (q_frame=2, s_frame=-1): cutoff_e=0.000000000000000000000000000000000000000000000000000000000000000000000000000000000000000000000000000000000000000000000000000000000000000000000000000000000000000000000000000000000000000000000000000000000000000000000000000000000000000000000000000000000000000000000000000000000000000000000000000000000001, cutoff_from_evalue=2668, gap_trigger=46, scale_factor=1, cutoff_score_max=46, cutoff_before_max=46, final_cutoff_score=46, limiting_factor=gap_trigger
[DEBUG] Effective search space for context (q_frame=-3, s_frame=-1): effective_query_len=218911.0, effective_db_len=218911.0, effective_space=47922025921.0, length_adj=122
[DEBUG] Cutoff score for context (q_frame=-3, s_frame=-1): cutoff_e=0.000000000000000000000000000000000000000000000000000000000000000000000000000000000000000000000000000000000000000000000000000000000000000000000000000000000000000000000000000000000000000000000000000000000000000000000000000000000000000000000000000000000000000000000000000000000000000000000000000000000001, cutoff_from_evalue=2668, gap_trigger=46, scale_factor=1, cutoff_score_max=46, cutoff_before_max=46, final_cutoff_score=46, limiting_factor=gap_trigger
[DEBUG] Effective search space for context (q_frame=3, s_frame=-1): effective_query_len=218911.0, effective_db_len=218911.0, effective_space=47922025921.0, length_adj=122
[DEBUG] Cutoff score for context (q_frame=3, s_frame=-1): cutoff_e=0.000000000000000000000000000000000000000000000000000000000000000000000000000000000000000000000000000000000000000000000000000000000000000000000000000000000000000000000000000000000000000000000000000000000000000000000000000000000000000000000000000000000000000000000000000000000000000000000000000000000001, cutoff_from_evalue=2668, gap_trigger=46, scale_factor=1, cutoff_score_max=46, cutoff_before_max=46, final_cutoff_score=46, limiting_factor=gap_trigger
[DEBUG] Effective search space for context (q_frame=-2, s_frame=-1): effective_query_len=218911.0, effective_db_len=218911.0, effective_space=47922025921.0, length_adj=122
[DEBUG] Cutoff score for context (q_frame=-2, s_frame=-1): cutoff_e=0.000000000000000000000000000000000000000000000000000000000000000000000000000000000000000000000000000000000000000000000000000000000000000000000000000000000000000000000000000000000000000000000000000000000000000000000000000000000000000000000000000000000000000000000000000000000000000000000000000000000001, cutoff_from_evalue=2668, gap_trigger=46, scale_factor=1, cutoff_score_max=46, cutoff_before_max=46, final_cutoff_score=46, limiting_factor=gap_trigger
[DEBUG] Effective search space for context (q_frame=3, s_frame=-2): effective_query_len=218911.0, effective_db_len=218911.0, effective_space=47922025921.0, length_adj=122
[DEBUG] Cutoff score for context (q_frame=3, s_frame=-2): cutoff_e=0.000000000000000000000000000000000000000000000000000000000000000000000000000000000000000000000000000000000000000000000000000000000000000000000000000000000000000000000000000000000000000000000000000000000000000000000000000000000000000000000000000000000000000000000000000000000000000000000000000000000001, cutoff_from_evalue=2668, gap_trigger=46, scale_factor=1, cutoff_score_max=46, cutoff_before_max=46, final_cutoff_score=46, limiting_factor=gap_trigger
[DEBUG] Effective search space for context (q_frame=-3, s_frame=-2): effective_query_len=218911.0, effective_db_len=218911.0, effective_space=47922025921.0, length_adj=122
[DEBUG] Cutoff score for context (q_frame=-3, s_frame=-2): cutoff_e=0.000000000000000000000000000000000000000000000000000000000000000000000000000000000000000000000000000000000000000000000000000000000000000000000000000000000000000000000000000000000000000000000000000000000000000000000000000000000000000000000000000000000000000000000000000000000000000000000000000000000001, cutoff_from_evalue=2668, gap_trigger=46, scale_factor=1, cutoff_score_max=46, cutoff_before_max=46, final_cutoff_score=46, limiting_factor=gap_trigger
[DEBUG] Effective search space for context (q_frame=-2, s_frame=-2): effective_query_len=218911.0, effective_db_len=218911.0, effective_space=47922025921.0, length_adj=122
[DEBUG] Cutoff score for context (q_frame=-2, s_frame=-2): cutoff_e=0.000000000000000000000000000000000000000000000000000000000000000000000000000000000000000000000000000000000000000000000000000000000000000000000000000000000000000000000000000000000000000000000000000000000000000000000000000000000000000000000000000000000000000000000000000000000000000000000000000000000001, cutoff_from_evalue=2668, gap_trigger=46, scale_factor=1, cutoff_score_max=46, cutoff_before_max=46, final_cutoff_score=46, limiting_factor=gap_trigger
[DEBUG] Effective search space for context (q_frame=-1, s_frame=-2): effective_query_len=218911.0, effective_db_len=218911.0, effective_space=47922025921.0, length_adj=122
[DEBUG] Cutoff score for context (q_frame=-1, s_frame=-2): cutoff_e=0.000000000000000000000000000000000000000000000000000000000000000000000000000000000000000000000000000000000000000000000000000000000000000000000000000000000000000000000000000000000000000000000000000000000000000000000000000000000000000000000000000000000000000000000000000000000000000000000000000000000001, cutoff_from_evalue=2668, gap_trigger=46, scale_factor=1, cutoff_score_max=46, cutoff_before_max=46, final_cutoff_score=46, limiting_factor=gap_trigger
[DEBUG] Effective search space for context (q_frame=2, s_frame=-2): effective_query_len=218911.0, effective_db_len=218911.0, effective_space=47922025921.0, length_adj=122
[DEBUG] Cutoff score for context (q_frame=2, s_frame=-2): cutoff_e=0.000000000000000000000000000000000000000000000000000000000000000000000000000000000000000000000000000000000000000000000000000000000000000000000000000000000000000000000000000000000000000000000000000000000000000000000000000000000000000000000000000000000000000000000000000000000000000000000000000000000001, cutoff_from_evalue=2668, gap_trigger=46, scale_factor=1, cutoff_score_max=46, cutoff_before_max=46, final_cutoff_score=46, limiting_factor=gap_trigger
[DEBUG] Effective search space for context (q_frame=1, s_frame=-2): effective_query_len=218911.0, effective_db_len=218911.0, effective_space=47922025921.0, length_adj=122
[DEBUG] Cutoff score for context (q_frame=1, s_frame=-2): cutoff_e=0.000000000000000000000000000000000000000000000000000000000000000000000000000000000000000000000000000000000000000000000000000000000000000000000000000000000000000000000000000000000000000000000000000000000000000000000000000000000000000000000000000000000000000000000000000000000000000000000000000000000001, cutoff_from_evalue=2668, gap_trigger=46, scale_factor=1, cutoff_score_max=46, cutoff_before_max=46, final_cutoff_score=46, limiting_factor=gap_trigger
[DEBUG] Effective search space for context (q_frame=-3, s_frame=-3): effective_query_len=218911.0, effective_db_len=218911.0, effective_space=47922025921.0, length_adj=122
[DEBUG] Cutoff score for context (q_frame=-3, s_frame=-3): cutoff_e=0.000000000000000000000000000000000000000000000000000000000000000000000000000000000000000000000000000000000000000000000000000000000000000000000000000000000000000000000000000000000000000000000000000000000000000000000000000000000000000000000000000000000000000000000000000000000000000000000000000000000001, cutoff_from_evalue=2668, gap_trigger=46, scale_factor=1, cutoff_score_max=46, cutoff_before_max=46, final_cutoff_score=46, limiting_factor=gap_trigger
[DEBUG] Effective search space for context (q_frame=1, s_frame=-3): effective_query_len=218911.0, effective_db_len=218911.0, effective_space=47922025921.0, length_adj=122
[DEBUG] Cutoff score for context (q_frame=1, s_frame=-3): cutoff_e=0.000000000000000000000000000000000000000000000000000000000000000000000000000000000000000000000000000000000000000000000000000000000000000000000000000000000000000000000000000000000000000000000000000000000000000000000000000000000000000000000000000000000000000000000000000000000000000000000000000000000001, cutoff_from_evalue=2668, gap_trigger=46, scale_factor=1, cutoff_score_max=46, cutoff_before_max=46, final_cutoff_score=46, limiting_factor=gap_trigger
[DEBUG] Effective search space for context (q_frame=2, s_frame=-3): effective_query_len=218911.0, effective_db_len=218911.0, effective_space=47922025921.0, length_adj=122
[DEBUG] Cutoff score for context (q_frame=2, s_frame=-3): cutoff_e=0.000000000000000000000000000000000000000000000000000000000000000000000000000000000000000000000000000000000000000000000000000000000000000000000000000000000000000000000000000000000000000000000000000000000000000000000000000000000000000000000000000000000000000000000000000000000000000000000000000000000001, cutoff_from_evalue=2668, gap_trigger=46, scale_factor=1, cutoff_score_max=46, cutoff_before_max=46, final_cutoff_score=46, limiting_factor=gap_trigger
[DEBUG] Effective search space for context (q_frame=-2, s_frame=-3): effective_query_len=218911.0, effective_db_len=218911.0, effective_space=47922025921.0, length_adj=122
[DEBUG] Cutoff score for context (q_frame=-2, s_frame=-3): cutoff_e=0.000000000000000000000000000000000000000000000000000000000000000000000000000000000000000000000000000000000000000000000000000000000000000000000000000000000000000000000000000000000000000000000000000000000000000000000000000000000000000000000000000000000000000000000000000000000000000000000000000000000001, cutoff_from_evalue=2668, gap_trigger=46, scale_factor=1, cutoff_score_max=46, cutoff_before_max=46, final_cutoff_score=46, limiting_factor=gap_trigger
[DEBUG] Effective search space for context (q_frame=-1, s_frame=-3): effective_query_len=218911.0, effective_db_len=218911.0, effective_space=47922025921.0, length_adj=122
[DEBUG] Cutoff score for context (q_frame=-1, s_frame=-3): cutoff_e=0.000000000000000000000000000000000000000000000000000000000000000000000000000000000000000000000000000000000000000000000000000000000000000000000000000000000000000000000000000000000000000000000000000000000000000000000000000000000000000000000000000000000000000000000000000000000000000000000000000000000001, cutoff_from_evalue=2668, gap_trigger=46, scale_factor=1, cutoff_score_max=46, cutoff_before_max=46, final_cutoff_score=46, limiting_factor=gap_trigger
[DEBUG] Effective search space for context (q_frame=3, s_frame=-3): effective_query_len=218911.0, effective_db_len=218911.0, effective_space=47922025921.0, length_adj=122
[DEBUG] Cutoff score for context (q_frame=3, s_frame=-3): cutoff_e=0.000000000000000000000000000000000000000000000000000000000000000000000000000000000000000000000000000000000000000000000000000000000000000000000000000000000000000000000000000000000000000000000000000000000000000000000000000000000000000000000000000000000000000000000000000000000000000000000000000000000001, cutoff_from_evalue=2668, gap_trigger=46, scale_factor=1, cutoff_score_max=46, cutoff_before_max=46, final_cutoff_score=46, limiting_factor=gap_trigger

=== TBLASTX Pipeline Diagnostics ===
Seed Stage:
  K-mer matches found:        59779839
  Seeds filtered (low score): 16742533
  Seeds filtered (two-hit):   42418658
  Seed distribution (two-hit analysis):
    First seed on diagonal:    9291592
    Second seed (in window):   95351
    Second seed (too far):     31597343
    Second seed (overlapping): 1529723
  Seeds passed to extension:  95351
Ungapped Extension Stage:
  Total extensions:           95351
  One-hit extensions (left-only): 0
  Two-hit extensions (left+right): 95351
  Filtered (low score < 0):  0
Ungapped-Only Hits (skipped gapped extension):
  Total ungapped-only:        95351
  Filtered (cutoff_score):     65816
    Score range:                26 - 45
  E-value passed:             13850
  E-value failed:             15685
Gapped Extension Stage:
  Gapped extensions run:      0
  Gapped hits (e-value ok):   0
Post-Processing Stage:
  HSPs before chaining:       13850
  Clusters (single HSP):      0
  Clusters (merged):          0
  HSPs in merged clusters:    0
  HSPs after chaining:        13850
  HSPs culled (dominated):    0
  Final hits (after filter):  13850
Output Source:
  From ungapped extension:    13850
  From gapped extension:      0
====================================


real	0m5.499s
user	0m5.267s
sys	0m0.050s
