Reading queries...
Building lookup table...
Reading subject file...
Searching 1 Queries vs 1 Subjects...
[DEBUG] Effective search space for context (q_frame=1, s_frame=1): effective_query_len=218911.0, effective_db_len=218911.0, effective_space=47922025921.0, length_adj=122
[DEBUG] Effective search space for context (q_frame=3, s_frame=1): effective_query_len=218911.0, effective_db_len=218911.0, effective_space=47922025921.0, length_adj=122
[DEBUG] Effective search space for context (q_frame=-2, s_frame=1): effective_query_len=218911.0, effective_db_len=218911.0, effective_space=47922025921.0, length_adj=122
[DEBUG] Effective search space for context (q_frame=-1, s_frame=1): effective_query_len=218911.0, effective_db_len=218911.0, effective_space=47922025921.0, length_adj=122
[DEBUG] Effective search space for context (q_frame=-3, s_frame=1): effective_query_len=218911.0, effective_db_len=218911.0, effective_space=47922025921.0, length_adj=122
[DEBUG] Effective search space for context (q_frame=2, s_frame=1): effective_query_len=218911.0, effective_db_len=218911.0, effective_space=47922025921.0, length_adj=122
[DEBUG] Effective search space for context (q_frame=2, s_frame=2): effective_query_len=218911.0, effective_db_len=218911.0, effective_space=47922025921.0, length_adj=122
[DEBUG] Effective search space for context (q_frame=1, s_frame=2): effective_query_len=218911.0, effective_db_len=218911.0, effective_space=47922025921.0, length_adj=122
[DEBUG] Effective search space for context (q_frame=-2, s_frame=2): effective_query_len=218911.0, effective_db_len=218911.0, effective_space=47922025921.0, length_adj=122
[DEBUG] Effective search space for context (q_frame=-3, s_frame=2): effective_query_len=218911.0, effective_db_len=218911.0, effective_space=47922025921.0, length_adj=122
[DEBUG] Effective search space for context (q_frame=3, s_frame=2): effective_query_len=218911.0, effective_db_len=218911.0, effective_space=47922025921.0, length_adj=122
[DEBUG] Effective search space for context (q_frame=-1, s_frame=2): effective_query_len=218911.0, effective_db_len=218911.0, effective_space=47922025921.0, length_adj=122
[DEBUG] Effective search space for context (q_frame=3, s_frame=3): effective_query_len=218911.0, effective_db_len=218911.0, effective_space=47922025921.0, length_adj=122
[DEBUG] Effective search space for context (q_frame=2, s_frame=3): effective_query_len=218911.0, effective_db_len=218911.0, effective_space=47922025921.0, length_adj=122
[DEBUG] Effective search space for context (q_frame=-3, s_frame=3): effective_query_len=218911.0, effective_db_len=218911.0, effective_space=47922025921.0, length_adj=122
[DEBUG] Effective search space for context (q_frame=1, s_frame=3): effective_query_len=218911.0, effective_db_len=218911.0, effective_space=47922025921.0, length_adj=122
[DEBUG] Effective search space for context (q_frame=-2, s_frame=3): effective_query_len=218911.0, effective_db_len=218911.0, effective_space=47922025921.0, length_adj=122
[DEBUG] Effective search space for context (q_frame=-1, s_frame=3): effective_query_len=218911.0, effective_db_len=218911.0, effective_space=47922025921.0, length_adj=122
[DEBUG] Effective search space for context (q_frame=-1, s_frame=-1): effective_query_len=218911.0, effective_db_len=218911.0, effective_space=47922025921.0, length_adj=122
[DEBUG] Effective search space for context (q_frame=1, s_frame=-1): effective_query_len=218911.0, effective_db_len=218911.0, effective_space=47922025921.0, length_adj=122
[DEBUG] Effective search space for context (q_frame=2, s_frame=-1): effective_query_len=218911.0, effective_db_len=218911.0, effective_space=47922025921.0, length_adj=122
[DEBUG] Effective search space for context (q_frame=-3, s_frame=-1): effective_query_len=218911.0, effective_db_len=218911.0, effective_space=47922025921.0, length_adj=122
[DEBUG] Effective search space for context (q_frame=3, s_frame=-1): effective_query_len=218911.0, effective_db_len=218911.0, effective_space=47922025921.0, length_adj=122
[DEBUG] Effective search space for context (q_frame=-2, s_frame=-1): effective_query_len=218911.0, effective_db_len=218911.0, effective_space=47922025921.0, length_adj=122
[DEBUG] Effective search space for context (q_frame=3, s_frame=-2): effective_query_len=218911.0, effective_db_len=218911.0, effective_space=47922025921.0, length_adj=122
[DEBUG] Effective search space for context (q_frame=-3, s_frame=-2): effective_query_len=218911.0, effective_db_len=218911.0, effective_space=47922025921.0, length_adj=122
[DEBUG] Effective search space for context (q_frame=-2, s_frame=-2): effective_query_len=218911.0, effective_db_len=218911.0, effective_space=47922025921.0, length_adj=122
[DEBUG] Effective search space for context (q_frame=-1, s_frame=-2): effective_query_len=218911.0, effective_db_len=218911.0, effective_space=47922025921.0, length_adj=122
[DEBUG] Effective search space for context (q_frame=2, s_frame=-2): effective_query_len=218911.0, effective_db_len=218911.0, effective_space=47922025921.0, length_adj=122
[DEBUG] Effective search space for context (q_frame=1, s_frame=-2): effective_query_len=218911.0, effective_db_len=218911.0, effective_space=47922025921.0, length_adj=122
[DEBUG] Effective search space for context (q_frame=-3, s_frame=-3): effective_query_len=218911.0, effective_db_len=218911.0, effective_space=47922025921.0, length_adj=122
[DEBUG] Effective search space for context (q_frame=1, s_frame=-3): effective_query_len=218911.0, effective_db_len=218911.0, effective_space=47922025921.0, length_adj=122
[DEBUG] Effective search space for context (q_frame=2, s_frame=-3): effective_query_len=218911.0, effective_db_len=218911.0, effective_space=47922025921.0, length_adj=122
[DEBUG] Effective search space for context (q_frame=-2, s_frame=-3): effective_query_len=218911.0, effective_db_len=218911.0, effective_space=47922025921.0, length_adj=122
[DEBUG] Effective search space for context (q_frame=-1, s_frame=-3): effective_query_len=218911.0, effective_db_len=218911.0, effective_space=47922025921.0, length_adj=122
[DEBUG] Effective search space for context (q_frame=3, s_frame=-3): effective_query_len=218911.0, effective_db_len=218911.0, effective_space=47922025921.0, length_adj=122

=== TBLASTX Pipeline Diagnostics ===
Seed Stage:
  K-mer matches found:        59779839
  Seeds filtered (low score): 16742533
  Seeds filtered (two-hit):   42418658
  Seeds passed to extension:  95351
Ungapped Extension Stage:
  Ungapped extensions run:    95351
  Filtered (low score < 22):  0
Ungapped-Only Hits (skipped gapped extension):
  Total ungapped-only:        95351
  E-value passed:             13850
  E-value failed:             81501
Gapped Extension Stage:
  Gapped extensions run:      0
  Gapped hits (e-value ok):   0
Post-Processing Stage:
  HSPs before chaining:       13850
  Clusters (single HSP):      3539
  Clusters (merged):          2783
  HSPs in merged clusters:    10311
  HSPs after chaining:        13850
  HSPs culled (dominated):    0
  Final hits (after filter):  13850
Output Source:
  From ungapped extension:    13850
  From gapped extension:      0
====================================

